0 info it worked if it ends with ok
1 verbose cli [ 'C:\\Program Files\\nodejs\\node.exe',
1 verbose cli   'C:\\Program Files\\nodejs\\node_modules\\npm\\bin\\npm-cli.js',
1 verbose cli   'install',
1 verbose cli   'bcrypt' ]
2 info using npm@3.10.10
3 info using node@v6.16.0
4 silly loadCurrentTree Starting
5 silly install loadCurrentTree
6 silly install readLocalPackageData
7 silly fetchPackageMetaData bcrypt@^1.0.3
8 silly fetchNamedPackageData bcrypt
9 silly mapToRegistry name bcrypt
10 silly mapToRegistry using default registry
11 silly mapToRegistry registry https://registry.npmjs.org/
12 silly mapToRegistry data Result {
12 silly mapToRegistry   raw: 'bcrypt',
12 silly mapToRegistry   scope: null,
12 silly mapToRegistry   escapedName: 'bcrypt',
12 silly mapToRegistry   name: 'bcrypt',
12 silly mapToRegistry   rawSpec: '',
12 silly mapToRegistry   spec: 'latest',
12 silly mapToRegistry   type: 'tag' }
13 silly mapToRegistry uri https://registry.npmjs.org/bcrypt
14 verbose request uri https://registry.npmjs.org/bcrypt
15 verbose request no auth needed
16 info attempt registry request try #1 at 1:26:12 PM
17 verbose request id 3b2b61aa50a64a4c
18 verbose etag W/"c0a4609a9fe520ccb778355f92016ef0"
19 verbose lastModified Tue, 01 Jan 2019 08:32:48 GMT
20 http request GET https://registry.npmjs.org/bcrypt
21 http 304 https://registry.npmjs.org/bcrypt
22 verbose headers { date: 'Fri, 18 Jan 2019 07:55:41 GMT',
22 verbose headers   connection: 'keep-alive',
22 verbose headers   'set-cookie': [ '__cfduid=d8c4fbe299144bff4bc6398f7892c4be61547798141; expires=Sat, 18-Jan-20 07:55:41 GMT; path=/; domain=.registry.npmjs.org; HttpOnly' ],
22 verbose headers   'cf-cache-status': 'HIT',
22 verbose headers   'cache-control': 'max-age=300',
22 verbose headers   'cf-ray': '49af802dac028aa3-BOM',
22 verbose headers   etag: '"c0a4609a9fe520ccb778355f92016ef0"',
22 verbose headers   'expect-ct': 'max-age=604800, report-uri="https://report-uri.cloudflare.com/cdn-cgi/beacon/expect-ct"',
22 verbose headers   'last-modified': 'Tue, 01 Jan 2019 08:32:48 GMT',
22 verbose headers   vary: 'accept-encoding, accept',
22 verbose headers   'x-amz-meta-rev': '486-632875a48c864a6a91b69e32b3cc7b93',
22 verbose headers   server: 'cloudflare' }
23 silly get cb [ 304,
23 silly get   { date: 'Fri, 18 Jan 2019 07:55:41 GMT',
23 silly get     connection: 'keep-alive',
23 silly get     'set-cookie': [ '__cfduid=d8c4fbe299144bff4bc6398f7892c4be61547798141; expires=Sat, 18-Jan-20 07:55:41 GMT; path=/; domain=.registry.npmjs.org; HttpOnly' ],
23 silly get     'cf-cache-status': 'HIT',
23 silly get     'cache-control': 'max-age=300',
23 silly get     'cf-ray': '49af802dac028aa3-BOM',
23 silly get     etag: '"c0a4609a9fe520ccb778355f92016ef0"',
23 silly get     'expect-ct': 'max-age=604800, report-uri="https://report-uri.cloudflare.com/cdn-cgi/beacon/expect-ct"',
23 silly get     'last-modified': 'Tue, 01 Jan 2019 08:32:48 GMT',
23 silly get     vary: 'accept-encoding, accept',
23 silly get     'x-amz-meta-rev': '486-632875a48c864a6a91b69e32b3cc7b93',
23 silly get     server: 'cloudflare' } ]
24 verbose etag https://registry.npmjs.org/bcrypt from cache
25 verbose get saving bcrypt to C:\Users\codewave\AppData\Roaming\npm-cache\registry.npmjs.org\bcrypt\.cache.json
26 verbose correctMkdir C:\Users\codewave\AppData\Roaming\npm-cache correctMkdir not in flight; initializing
27 silly install normalizeTree
28 silly loadCurrentTree Finishing
29 silly loadIdealTree Starting
30 silly install loadIdealTree
31 silly cloneCurrentTree Starting
32 silly install cloneCurrentTreeToIdealTree
33 silly cloneCurrentTree Finishing
34 silly loadShrinkwrap Starting
35 silly install loadShrinkwrap
36 silly loadShrinkwrap Finishing
37 silly loadAllDepsIntoIdealTree Starting
38 silly install loadAllDepsIntoIdealTree
39 silly resolveWithNewModule bcrypt@1.0.3 checking installable status
40 silly cache add args [ 'bcrypt@^1.0.3', null ]
41 verbose cache add spec bcrypt@^1.0.3
42 silly cache add parsed spec Result {
42 silly cache add   raw: 'bcrypt@^1.0.3',
42 silly cache add   scope: null,
42 silly cache add   escapedName: 'bcrypt',
42 silly cache add   name: 'bcrypt',
42 silly cache add   rawSpec: '^1.0.3',
42 silly cache add   spec: '>=1.0.3 <2.0.0',
42 silly cache add   type: 'range' }
43 silly addNamed bcrypt@>=1.0.3 <2.0.0
44 verbose addNamed ">=1.0.3 <2.0.0" is a valid semver range for bcrypt
45 silly addNameRange { name: 'bcrypt', range: '>=1.0.3 <2.0.0', hasData: false }
46 silly mapToRegistry name bcrypt
47 silly mapToRegistry using default registry
48 silly mapToRegistry registry https://registry.npmjs.org/
49 silly mapToRegistry data Result {
49 silly mapToRegistry   raw: 'bcrypt',
49 silly mapToRegistry   scope: null,
49 silly mapToRegistry   escapedName: 'bcrypt',
49 silly mapToRegistry   name: 'bcrypt',
49 silly mapToRegistry   rawSpec: '',
49 silly mapToRegistry   spec: 'latest',
49 silly mapToRegistry   type: 'tag' }
50 silly mapToRegistry uri https://registry.npmjs.org/bcrypt
51 verbose addNameRange registry:https://registry.npmjs.org/bcrypt not in flight; fetching
52 verbose get https://registry.npmjs.org/bcrypt not expired, no request
53 silly addNameRange number 2 { name: 'bcrypt', range: '>=1.0.3 <2.0.0', hasData: true }
54 silly addNameRange versions [ 'bcrypt',
54 silly addNameRange   [ '0.1.2',
54 silly addNameRange     '0.2.0',
54 silly addNameRange     '0.2.1',
54 silly addNameRange     '0.1.3',
54 silly addNameRange     '0.2.2',
54 silly addNameRange     '0.2.3',
54 silly addNameRange     '0.2.4',
54 silly addNameRange     '0.3.0',
54 silly addNameRange     '0.3.1',
54 silly addNameRange     '0.3.2',
54 silly addNameRange     '0.4.0',
54 silly addNameRange     '0.4.1',
54 silly addNameRange     '0.5.0',
54 silly addNameRange     '0.6.0',
54 silly addNameRange     '0.7.0',
54 silly addNameRange     '0.7.1',
54 silly addNameRange     '0.7.2',
54 silly addNameRange     '0.7.3',
54 silly addNameRange     '0.7.4',
54 silly addNameRange     '0.7.5',
54 silly addNameRange     '0.7.6',
54 silly addNameRange     '0.7.7',
54 silly addNameRange     '0.7.8',
54 silly addNameRange     '0.8.0',
54 silly addNameRange     '0.8.1',
54 silly addNameRange     '0.8.2',
54 silly addNameRange     '0.8.3',
54 silly addNameRange     '0.8.4',
54 silly addNameRange     '0.8.5',
54 silly addNameRange     '0.8.6',
54 silly addNameRange     '0.8.7',
54 silly addNameRange     '1.0.0',
54 silly addNameRange     '1.0.1',
54 silly addNameRange     '1.0.2',
54 silly addNameRange     '1.0.3',
54 silly addNameRange     '1.1.0-napi',
54 silly addNameRange     '2.0.0',
54 silly addNameRange     '2.0.1',
54 silly addNameRange     '3.0.0',
54 silly addNameRange     '3.0.1',
54 silly addNameRange     '3.0.2',
54 silly addNameRange     '3.0.3' ] ]
55 silly addNamed bcrypt@1.0.3
56 verbose addNamed "1.0.3" is a plain semver version for bcrypt
57 warn deprecated bcrypt@1.0.3: bcrypt < v2.0.0 is susceptible to bcrypt wrap-around bug. Upgrade to bcrypt >= v2.0.0 for improved support for newer bcrypt hashes
58 silly cache afterAdd bcrypt@1.0.3
59 verbose afterAdd C:\Users\codewave\AppData\Roaming\npm-cache\bcrypt\1.0.3\package\package.json not in flight; writing
60 verbose correctMkdir C:\Users\codewave\AppData\Roaming\npm-cache correctMkdir not in flight; initializing
61 verbose afterAdd C:\Users\codewave\AppData\Roaming\npm-cache\bcrypt\1.0.3\package\package.json written
62 silly fetchNamedPackageData fsevents
63 silly mapToRegistry name fsevents
64 silly mapToRegistry using default registry
65 silly mapToRegistry registry https://registry.npmjs.org/
66 silly mapToRegistry data Result {
66 silly mapToRegistry   raw: 'fsevents',
66 silly mapToRegistry   scope: null,
66 silly mapToRegistry   escapedName: 'fsevents',
66 silly mapToRegistry   name: 'fsevents',
66 silly mapToRegistry   rawSpec: '',
66 silly mapToRegistry   spec: 'latest',
66 silly mapToRegistry   type: 'tag' }
67 silly mapToRegistry uri https://registry.npmjs.org/fsevents
68 verbose request uri https://registry.npmjs.org/fsevents
69 verbose request no auth needed
70 info attempt registry request try #1 at 1:26:28 PM
71 verbose etag W/"dbc973bffa73dfe3fe56365eaf9c8350"
72 verbose lastModified Tue, 15 Jan 2019 19:22:39 GMT
73 http request GET https://registry.npmjs.org/fsevents
74 http 304 https://registry.npmjs.org/fsevents
75 verbose headers { date: 'Fri, 18 Jan 2019 07:55:43 GMT',
75 verbose headers   connection: 'keep-alive',
75 verbose headers   'set-cookie': [ '__cfduid=dc90e033799bcbe0e70d4d1b18e359b841547798143; expires=Sat, 18-Jan-20 07:55:43 GMT; path=/; domain=.registry.npmjs.org; HttpOnly' ],
75 verbose headers   'cf-cache-status': 'HIT',
75 verbose headers   'cache-control': 'max-age=300',
75 verbose headers   'cf-ray': '49af803c5e638aa3-BOM',
75 verbose headers   etag: '"dbc973bffa73dfe3fe56365eaf9c8350"',
75 verbose headers   'expect-ct': 'max-age=604800, report-uri="https://report-uri.cloudflare.com/cdn-cgi/beacon/expect-ct"',
75 verbose headers   'last-modified': 'Tue, 15 Jan 2019 19:22:39 GMT',
75 verbose headers   vary: 'accept-encoding, accept',
75 verbose headers   'x-amz-meta-rev': '97-2355f573a6d597b99d407423d78c53bd',
75 verbose headers   server: 'cloudflare' }
76 silly get cb [ 304,
76 silly get   { date: 'Fri, 18 Jan 2019 07:55:43 GMT',
76 silly get     connection: 'keep-alive',
76 silly get     'set-cookie': [ '__cfduid=dc90e033799bcbe0e70d4d1b18e359b841547798143; expires=Sat, 18-Jan-20 07:55:43 GMT; path=/; domain=.registry.npmjs.org; HttpOnly' ],
76 silly get     'cf-cache-status': 'HIT',
76 silly get     'cache-control': 'max-age=300',
76 silly get     'cf-ray': '49af803c5e638aa3-BOM',
76 silly get     etag: '"dbc973bffa73dfe3fe56365eaf9c8350"',
76 silly get     'expect-ct': 'max-age=604800, report-uri="https://report-uri.cloudflare.com/cdn-cgi/beacon/expect-ct"',
76 silly get     'last-modified': 'Tue, 15 Jan 2019 19:22:39 GMT',
76 silly get     vary: 'accept-encoding, accept',
76 silly get     'x-amz-meta-rev': '97-2355f573a6d597b99d407423d78c53bd',
76 silly get     server: 'cloudflare' } ]
77 verbose etag https://registry.npmjs.org/fsevents from cache
78 verbose get saving fsevents to C:\Users\codewave\AppData\Roaming\npm-cache\registry.npmjs.org\fsevents\.cache.json
79 verbose correctMkdir C:\Users\codewave\AppData\Roaming\npm-cache correctMkdir not in flight; initializing
80 silly resolveWithNewModule fsevents@1.2.6 checking installable status
81 silly loadAllDepsIntoIdealTree Finishing
82 silly loadIdealTree Finishing
83 silly currentTree knowledgehub@1.0.0
83 silly currentTree +-- @metascraper/helpers@4.9.0
83 silly currentTree | +-- lodash@4.17.11
83 silly currentTree | +-- mime-db@1.37.0
83 silly currentTree | +-- mime-types@2.1.21
83 silly currentTree | `-- normalize-url@4.1.0
83 silly currentTree +-- @sindresorhus/is@0.14.0
83 silly currentTree +-- @szmarczak/http-timer@1.1.2
83 silly currentTree +-- @types/node@10.12.18
83 silly currentTree +-- abbrev@1.1.1
83 silly currentTree +-- accepts@1.3.5
83 silly currentTree +-- acorn-jsx@3.0.1
83 silly currentTree | `-- acorn@3.3.0
83 silly currentTree +-- acorn@5.7.3
83 silly currentTree +-- adler-32@1.2.0
83 silly currentTree +-- agentkeepalive@2.2.0
83 silly currentTree +-- ajv-keywords@1.5.1
83 silly currentTree +-- ajv@5.5.2
83 silly currentTree +-- ansi-align@2.0.0
83 silly currentTree | +-- ansi-regex@3.0.0
83 silly currentTree | +-- is-fullwidth-code-point@2.0.0
83 silly currentTree | +-- string-width@2.1.1
83 silly currentTree | `-- strip-ansi@4.0.0
83 silly currentTree +-- ansi-escape-sequences@4.0.1
83 silly currentTree +-- ansi-escapes@1.4.0
83 silly currentTree +-- ansi-regex@2.1.1
83 silly currentTree +-- ansi-styles@2.2.1
83 silly currentTree +-- anymatch@2.0.0
83 silly currentTree +-- append-field@0.1.0
83 silly currentTree +-- aproba@1.2.0
83 silly currentTree +-- arch@2.1.1
83 silly currentTree +-- are-we-there-yet@1.1.5
83 silly currentTree +-- arg@1.0.0
83 silly currentTree +-- argparse@1.0.10
83 silly currentTree +-- arr-diff@4.0.0
83 silly currentTree +-- arr-flatten@1.1.0
83 silly currentTree +-- arr-union@3.1.0
83 silly currentTree +-- array-back@2.0.0
83 silly currentTree +-- array-flatten@1.1.1
83 silly currentTree +-- array-uniq@1.0.3
83 silly currentTree +-- array-unique@0.3.2
83 silly currentTree +-- asap@2.0.6
83 silly currentTree +-- asn1@0.2.4
83 silly currentTree +-- assert-plus@1.0.0
83 silly currentTree +-- assign-symbols@1.0.0
83 silly currentTree +-- async-each@1.0.1
83 silly currentTree +-- async@2.6.1
83 silly currentTree +-- asyncawait@1.0.7
83 silly currentTree +-- asynckit@0.4.0
83 silly currentTree +-- atob@2.1.2
83 silly currentTree +-- audio-extensions@0.0.0
83 silly currentTree +-- aws-sdk@2.390.0
83 silly currentTree | +-- sax@1.2.1
83 silly currentTree | `-- uuid@3.3.2
83 silly currentTree +-- aws-sign2@0.7.0
83 silly currentTree +-- aws4@1.8.0
83 silly currentTree +-- babel-code-frame@6.26.0
83 silly currentTree +-- balanced-match@1.0.0
83 silly currentTree +-- base@0.11.2
83 silly currentTree | +-- define-property@1.0.0
83 silly currentTree | +-- is-accessor-descriptor@1.0.0
83 silly currentTree | +-- is-data-descriptor@1.0.0
83 silly currentTree | `-- is-descriptor@1.0.2
83 silly currentTree +-- base32.js@0.0.1
83 silly currentTree +-- base64-js@1.3.0
83 silly currentTree +-- base64url@2.0.0
83 silly currentTree +-- basic-auth@2.0.1
83 silly currentTree | `-- safe-buffer@5.1.2
83 silly currentTree +-- bcrypt-pbkdf@1.0.2
83 silly currentTree +-- binary-extensions@1.12.0
83 silly currentTree +-- bl@1.1.2
83 silly currentTree | +-- process-nextick-args@1.0.7
83 silly currentTree | +-- readable-stream@2.0.6
83 silly currentTree | `-- string_decoder@0.10.31
83 silly currentTree +-- block-stream@0.0.9
83 silly currentTree +-- bluebird@3.5.3
83 silly currentTree +-- body-parser@1.18.3
83 silly currentTree | +-- qs@6.5.2
83 silly currentTree | `-- raw-body@2.3.3
83 silly currentTree +-- boolbase@1.0.0
83 silly currentTree +-- boom@4.3.1
83 silly currentTree +-- boxen@1.3.0
83 silly currentTree | +-- ansi-regex@3.0.0
83 silly currentTree | +-- ansi-styles@3.2.1
83 silly currentTree | +-- chalk@2.4.2
83 silly currentTree | +-- is-fullwidth-code-point@2.0.0
83 silly currentTree | +-- string-width@2.1.1
83 silly currentTree | +-- strip-ansi@4.0.0
83 silly currentTree | `-- supports-color@5.5.0
83 silly currentTree +-- brace-expansion@1.1.11
83 silly currentTree +-- braces@2.3.2
83 silly currentTree | `-- extend-shallow@2.0.1
83 silly currentTree +-- bson@1.0.9
83 silly currentTree +-- buffer-equal-constant-time@1.0.1
83 silly currentTree +-- buffer-from@1.1.1
83 silly currentTree +-- buffer@4.9.1
83 silly currentTree +-- busboy@0.2.14
83 silly currentTree | +-- isarray@0.0.1
83 silly currentTree | +-- readable-stream@1.1.14
83 silly currentTree | `-- string_decoder@0.10.31
83 silly currentTree +-- bytes@3.0.0
83 silly currentTree +-- cache-base@1.0.1
83 silly currentTree +-- cacheable-request@6.0.0
83 silly currentTree | `-- normalize-url@3.3.0
83 silly currentTree +-- caller-path@0.1.0
83 silly currentTree +-- callsites@0.2.0
83 silly currentTree +-- camelcase@4.1.0
83 silly currentTree +-- capture-stack-trace@1.0.1
83 silly currentTree +-- caseless@0.12.0
83 silly currentTree +-- cfb@1.0.8
83 silly currentTree +-- chalk@1.1.3
83 silly currentTree +-- cheerio-advanced-selectors@2.0.1
83 silly currentTree +-- cheerio@1.0.0-rc.2
83 silly currentTree +-- chokidar@2.0.4
83 silly currentTree +-- chrono-node@1.3.5
83 silly currentTree +-- ci-info@1.6.0
83 silly currentTree +-- circular-json@0.3.3
83 silly currentTree +-- class-utils@0.3.6
83 silly currentTree | `-- define-property@0.2.5
83 silly currentTree +-- clean-stack@1.3.0
83 silly currentTree +-- cli-boxes@1.0.0
83 silly currentTree +-- cli-cursor@1.0.2
83 silly currentTree +-- cli-width@2.2.0
83 silly currentTree +-- clipboardy@1.2.2
83 silly currentTree +-- cliss@0.0.2
83 silly currentTree | +-- ansi-regex@3.0.0
83 silly currentTree | `-- strip-ansi@4.0.0
83 silly currentTree +-- clone-response@1.0.2
83 silly currentTree +-- co@4.6.0
83 silly currentTree +-- code-point-at@1.1.0
83 silly currentTree +-- codepage@1.12.2
83 silly currentTree | `-- commander@2.14.1
83 silly currentTree +-- collection-visit@1.0.0
83 silly currentTree +-- color-convert@1.9.3
83 silly currentTree +-- color-name@1.1.3
83 silly currentTree +-- combined-stream@1.0.7
83 silly currentTree +-- command-line-usage@4.1.0
83 silly currentTree +-- commander@2.19.0
83 silly currentTree +-- component-emitter@1.2.1
83 silly currentTree +-- concat-map@0.0.1
83 silly currentTree +-- concat-stream@1.6.2
83 silly currentTree +-- condense-whitespace@1.0.0
83 silly currentTree +-- configstore@3.1.2
83 silly currentTree +-- connect-multiparty@2.2.0
83 silly currentTree | +-- http-errors@1.7.1
83 silly currentTree | +-- multiparty@4.2.1
83 silly currentTree | +-- qs@6.5.2
83 silly currentTree | +-- safe-buffer@5.1.2
83 silly currentTree | +-- setprototypeof@1.1.0
83 silly currentTree | `-- statuses@1.5.0
83 silly currentTree +-- console-control-strings@1.1.0
83 silly currentTree +-- content-disposition@0.5.2
83 silly currentTree +-- content-type@1.0.4
83 silly currentTree +-- convert-excel-to-json@1.6.0
83 silly currentTree +-- cookie-signature@1.0.6
83 silly currentTree +-- cookie@0.3.1
83 silly currentTree +-- copy-descriptor@0.1.1
83 silly currentTree +-- core-util-is@1.0.2
83 silly currentTree +-- cors@2.8.5
83 silly currentTree +-- crc-32@1.2.0
83 silly currentTree +-- create-error-class@3.0.2
83 silly currentTree +-- cross-spawn@5.1.0
83 silly currentTree +-- cryptiles@3.1.4
83 silly currentTree | `-- boom@5.2.0
83 silly currentTree +-- crypto-random-string@1.0.0
83 silly currentTree +-- cryptr@3.0.0
83 silly currentTree +-- css-select@1.2.0
83 silly currentTree +-- css-what@2.1.2
83 silly currentTree +-- csv@0.3.7
83 silly currentTree +-- d@1.0.0
83 silly currentTree +-- dashdash@1.14.1
83 silly currentTree +-- debug-log@1.0.1
83 silly currentTree +-- debug@2.6.9
83 silly currentTree +-- decode-uri-component@0.2.0
83 silly currentTree +-- decompress-response@3.3.0
83 silly currentTree +-- deep-extend@0.4.2
83 silly currentTree +-- deep-is@0.1.3
83 silly currentTree +-- deepmerge@2.2.1
83 silly currentTree +-- defer-to-connect@1.0.1
83 silly currentTree +-- define-property@2.0.2
83 silly currentTree | +-- is-accessor-descriptor@1.0.0
83 silly currentTree | +-- is-data-descriptor@1.0.0
83 silly currentTree | `-- is-descriptor@1.0.2
83 silly currentTree +-- deglob@2.1.1
83 silly currentTree +-- delayed-stream@1.0.0
83 silly currentTree +-- delegates@1.0.0
83 silly currentTree +-- depd@1.1.2
83 silly currentTree +-- destroy@1.0.4
83 silly currentTree +-- dicer@0.2.5
83 silly currentTree | +-- isarray@0.0.1
83 silly currentTree | +-- readable-stream@1.1.14
83 silly currentTree | `-- string_decoder@0.10.31
83 silly currentTree +-- doctrine@1.5.0
83 silly currentTree +-- dom-serializer@0.1.0
83 silly currentTree | `-- domelementtype@1.1.3
83 silly currentTree +-- domelementtype@1.3.1
83 silly currentTree +-- domhandler@2.4.2
83 silly currentTree +-- domutils@1.5.1
83 silly currentTree +-- dot-prop@4.2.0
83 silly currentTree +-- duplexer@0.1.1
83 silly currentTree +-- duplexer3@0.1.4
83 silly currentTree +-- ecc-jsbn@0.1.2
83 silly currentTree +-- ecdsa-sig-formatter@1.0.9
83 silly currentTree +-- ee-first@1.1.1
83 silly currentTree +-- ejs@2.6.1
83 silly currentTree +-- elasticsearch@13.3.0
83 silly currentTree | `-- lodash@2.4.2
83 silly currentTree +-- encodeurl@1.0.2
83 silly currentTree +-- end-of-stream@1.4.1
83 silly currentTree +-- entities@1.1.2
83 silly currentTree +-- es5-ext@0.10.47
83 silly currentTree +-- es6-iterator@2.0.3
83 silly currentTree +-- es6-map@0.1.5
83 silly currentTree +-- es6-set@0.1.5
83 silly currentTree +-- es6-symbol@3.1.1
83 silly currentTree +-- es6-weak-map@2.0.2
83 silly currentTree +-- escape-html@1.0.3
83 silly currentTree +-- escape-string-regexp@1.0.5
83 silly currentTree +-- escope@3.6.0
83 silly currentTree +-- eslint-config-standard-jsx@3.2.0
83 silly currentTree +-- eslint-config-standard@6.2.1
83 silly currentTree +-- eslint-plugin-promise@3.4.2
83 silly currentTree +-- eslint-plugin-react@6.7.1
83 silly currentTree +-- eslint-plugin-standard@2.0.1
83 silly currentTree +-- eslint@3.10.2
83 silly currentTree | `-- strip-json-comments@1.0.4
83 silly currentTree +-- espree@3.5.4
83 silly currentTree +-- esprima@4.0.1
83 silly currentTree +-- esrecurse@4.2.1
83 silly currentTree +-- estraverse@4.2.0
83 silly currentTree +-- esutils@2.0.2
83 silly currentTree +-- etag@1.8.1
83 silly currentTree +-- event-emitter@0.3.5
83 silly currentTree +-- event-stream@3.3.5
83 silly currentTree | +-- map-stream@0.0.7
83 silly currentTree | +-- split@1.0.1
83 silly currentTree | `-- stream-combiner@0.2.2
83 silly currentTree +-- events@1.1.1
83 silly currentTree +-- execa@0.8.0
83 silly currentTree | `-- get-stream@3.0.0
83 silly currentTree +-- exit-hook@1.1.1
83 silly currentTree +-- exit-on-epipe@1.0.1
83 silly currentTree +-- expand-brackets@2.1.4
83 silly currentTree | +-- define-property@0.2.5
83 silly currentTree | `-- extend-shallow@2.0.1
83 silly currentTree +-- express-validator@5.3.1
83 silly currentTree +-- express@4.16.4
83 silly currentTree | +-- ipaddr.js@1.8.0
83 silly currentTree | +-- proxy-addr@2.0.4
83 silly currentTree | +-- qs@6.5.2
83 silly currentTree | +-- safe-buffer@5.1.2
83 silly currentTree | +-- send@0.16.2
83 silly currentTree | +-- serve-static@1.13.2
83 silly currentTree | `-- setprototypeof@1.1.0
83 silly currentTree +-- extend-shallow@3.0.2
83 silly currentTree | `-- is-extendable@1.0.1
83 silly currentTree +-- extend@3.0.2
83 silly currentTree +-- extglob@2.0.4
83 silly currentTree | +-- define-property@1.0.0
83 silly currentTree | +-- extend-shallow@2.0.1
83 silly currentTree | +-- is-accessor-descriptor@1.0.0
83 silly currentTree | +-- is-data-descriptor@1.0.0
83 silly currentTree | `-- is-descriptor@1.0.2
83 silly currentTree +-- extsprintf@1.3.0
83 silly currentTree +-- fast-deep-equal@1.1.0
83 silly currentTree +-- fast-json-stable-stringify@2.0.0
83 silly currentTree +-- fast-levenshtein@2.0.6
83 silly currentTree +-- fd-slicer@1.1.0
83 silly currentTree +-- fibers@2.0.2
83 silly currentTree +-- figures@1.7.0
83 silly currentTree +-- file-entry-cache@2.0.0
83 silly currentTree +-- file-extension@4.0.5
83 silly currentTree +-- fill-range@4.0.0
83 silly currentTree | `-- extend-shallow@2.0.1
83 silly currentTree +-- finalhandler@1.1.1
83 silly currentTree +-- find-root@1.1.0
83 silly currentTree +-- find-up@2.1.0
83 silly currentTree +-- flat-cache@1.3.4
83 silly currentTree +-- for-each-property-deep@0.0.3
83 silly currentTree +-- for-each-property@0.0.4
83 silly currentTree +-- for-in@1.0.2
83 silly currentTree +-- forever-agent@0.6.1
83 silly currentTree +-- form-data@2.3.3
83 silly currentTree +-- forwarded@0.1.2
83 silly currentTree +-- frac@1.1.2
83 silly currentTree +-- fragment-cache@0.2.1
83 silly currentTree +-- fresh@0.5.2
83 silly currentTree +-- from@0.1.7
83 silly currentTree +-- fs.realpath@1.0.0
83 silly currentTree +-- fs@0.0.1-security
83 silly currentTree +-- fstream-ignore@1.0.5
83 silly currentTree +-- fstream@1.0.11
83 silly currentTree +-- gauge@2.7.4
83 silly currentTree +-- generate-function@2.3.1
83 silly currentTree +-- generate-object-property@1.2.0
83 silly currentTree +-- get-prototype-chain@1.0.1
83 silly currentTree +-- get-stdin@5.0.1
83 silly currentTree +-- get-stream@4.1.0
83 silly currentTree +-- get-value@2.0.6
83 silly currentTree +-- getpass@0.1.7
83 silly currentTree +-- glob-parent@3.1.0
83 silly currentTree | `-- is-glob@3.1.0
83 silly currentTree +-- glob@7.1.3
83 silly currentTree +-- global-dirs@0.1.1
83 silly currentTree +-- globals@9.18.0
83 silly currentTree +-- got@9.6.0
83 silly currentTree +-- graceful-fs@4.1.15
83 silly currentTree +-- har-schema@2.0.0
83 silly currentTree +-- har-validator@5.0.3
83 silly currentTree +-- has-ansi@2.0.0
83 silly currentTree +-- has-flag@3.0.0
83 silly currentTree +-- has-unicode@2.0.1
83 silly currentTree +-- has-value@1.0.0
83 silly currentTree +-- has-values@1.0.0
83 silly currentTree | `-- kind-of@4.0.0
83 silly currentTree +-- hawk@6.0.2
83 silly currentTree +-- hoek@4.2.1
83 silly currentTree +-- home-or-tmp@2.0.0
83 silly currentTree +-- htmlparser2@3.10.0
83 silly currentTree | +-- readable-stream@3.1.1
83 silly currentTree | `-- string_decoder@1.2.0
83 silly currentTree +-- http-cache-semantics@4.0.2
83 silly currentTree +-- http-errors@1.6.3
83 silly currentTree | `-- setprototypeof@1.1.0
83 silly currentTree +-- http-signature@1.2.0
83 silly currentTree +-- iconv-lite@0.4.23
83 silly currentTree +-- ieee754@1.1.8
83 silly currentTree +-- ignore-by-default@1.0.1
83 silly currentTree +-- ignore@3.3.10
83 silly currentTree +-- image-extensions@1.1.0
83 silly currentTree +-- import-lazy@2.1.0
83 silly currentTree +-- imurmurhash@0.1.4
83 silly currentTree +-- inflight@1.0.6
83 silly currentTree +-- inherits@2.0.3
83 silly currentTree +-- ini@1.3.5
83 silly currentTree +-- inquirer@0.12.0
83 silly currentTree +-- inspect-function@0.2.2
83 silly currentTree | `-- split-skip@0.0.1
83 silly currentTree +-- inspect-parameters-declaration@0.0.9
83 silly currentTree | `-- magicli@0.0.5
83 silly currentTree +-- inspect-property@0.0.6
83 silly currentTree | +-- inspect-function@0.3.4
83 silly currentTree | +-- inspect-parameters-declaration@0.0.8
83 silly currentTree | | +-- inspect-function@0.2.2
83 silly currentTree | | | `-- split-skip@0.0.1
83 silly currentTree | | +-- magicli@0.0.5
83 silly currentTree | | `-- split-skip@0.0.2
83 silly currentTree | `-- split-skip@0.0.1
83 silly currentTree +-- interpret@1.1.0
83 silly currentTree +-- ip-regex@1.0.3
83 silly currentTree +-- ipaddr.js@1.6.0
83 silly currentTree +-- is-absolute-url@2.1.0
83 silly currentTree +-- is-accessor-descriptor@0.1.6
83 silly currentTree | `-- kind-of@3.2.2
83 silly currentTree +-- is-binary-path@1.0.1
83 silly currentTree +-- is-buffer@1.1.6
83 silly currentTree +-- is-ci@1.1.0
83 silly currentTree +-- is-data-descriptor@0.1.4
83 silly currentTree | `-- kind-of@3.2.2
83 silly currentTree +-- is-descriptor@0.1.6
83 silly currentTree | `-- kind-of@5.1.0
83 silly currentTree +-- is-extendable@0.1.1
83 silly currentTree +-- is-extglob@2.1.1
83 silly currentTree +-- is-fullwidth-code-point@1.0.0
83 silly currentTree +-- is-glob@4.0.0
83 silly currentTree +-- is-installed-globally@0.1.0
83 silly currentTree +-- is-my-ip-valid@1.0.0
83 silly currentTree +-- is-my-json-valid@2.17.2
83 silly currentTree +-- is-npm@1.0.0
83 silly currentTree +-- is-number@3.0.0
83 silly currentTree | `-- kind-of@3.2.2
83 silly currentTree +-- is-obj@1.0.1
83 silly currentTree +-- is-path-inside@1.0.1
83 silly currentTree +-- is-plain-object@2.0.4
83 silly currentTree +-- is-property@1.0.2
83 silly currentTree +-- is-redirect@1.0.0
83 silly currentTree +-- is-relative-url@2.0.0
83 silly currentTree +-- is-resolvable@1.1.0
83 silly currentTree +-- is-retry-allowed@1.1.0
83 silly currentTree +-- is-stream@1.1.0
83 silly currentTree +-- is-typedarray@1.0.0
83 silly currentTree +-- is-uri@1.2.0
83 silly currentTree +-- is-windows@1.0.2
83 silly currentTree +-- is@3.2.1
83 silly currentTree +-- isarray@1.0.0
83 silly currentTree +-- isexe@2.0.0
83 silly currentTree +-- iso-639-3@1.1.0
83 silly currentTree +-- isobject@3.0.1
83 silly currentTree +-- isostring@0.0.1
83 silly currentTree +-- isstream@0.1.2
83 silly currentTree +-- jmespath@0.15.0
83 silly currentTree +-- js-tokens@3.0.2
83 silly currentTree +-- js-yaml@3.12.0
83 silly currentTree +-- jsbn@0.1.1
83 silly currentTree +-- json-buffer@3.0.0
83 silly currentTree +-- json-schema-traverse@0.3.1
83 silly currentTree +-- json-schema@0.2.3
83 silly currentTree +-- json-stable-stringify@1.0.1
83 silly currentTree +-- json-stringify-safe@5.0.1
83 silly currentTree +-- jsonify@0.0.0
83 silly currentTree +-- jsonpointer@4.0.1
83 silly currentTree +-- jsonwebtoken@8.1.1
83 silly currentTree | `-- ms@2.1.1
83 silly currentTree +-- jsprim@1.4.1
83 silly currentTree +-- jsx-ast-utils@1.4.1
83 silly currentTree +-- jwa@1.1.5
83 silly currentTree +-- jws@3.1.4
83 silly currentTree +-- kareem@2.0.4
83 silly currentTree +-- keyv@3.1.0
83 silly currentTree +-- kind-of@6.0.2
83 silly currentTree +-- latest-version@3.1.0
83 silly currentTree +-- left-pad@1.2.0
83 silly currentTree +-- levn@0.3.0
83 silly currentTree +-- locate-path@2.0.0
83 silly currentTree +-- lodash-node@3.10.2
83 silly currentTree +-- lodash.assignin@4.2.0
83 silly currentTree +-- lodash.bind@4.2.1
83 silly currentTree +-- lodash.clonedeep@4.5.0
83 silly currentTree +-- lodash.debounce@4.0.8
83 silly currentTree +-- lodash.defaults@4.2.0
83 silly currentTree +-- lodash.escaperegexp@4.1.2
83 silly currentTree +-- lodash.filter@4.6.0
83 silly currentTree +-- lodash.flatten@4.4.0
83 silly currentTree +-- lodash.foreach@4.5.0
83 silly currentTree +-- lodash.get@4.4.2
83 silly currentTree +-- lodash.groupby@4.6.0
83 silly currentTree +-- lodash.includes@4.3.0
83 silly currentTree +-- lodash.isboolean@3.0.3
83 silly currentTree +-- lodash.isempty@4.4.0
83 silly currentTree +-- lodash.isinteger@4.0.4
83 silly currentTree +-- lodash.isnumber@3.0.3
83 silly currentTree +-- lodash.isplainobject@4.0.6
83 silly currentTree +-- lodash.isstring@4.0.1
83 silly currentTree +-- lodash.map@4.6.0
83 silly currentTree +-- lodash.merge@4.6.1
83 silly currentTree +-- lodash.mergewith@4.6.1
83 silly currentTree +-- lodash.once@4.1.1
83 silly currentTree +-- lodash.padend@4.6.1
83 silly currentTree +-- lodash.pick@4.4.0
83 silly currentTree +-- lodash.reduce@4.6.0
83 silly currentTree +-- lodash.reject@4.6.0
83 silly currentTree +-- lodash.some@4.6.0
83 silly currentTree +-- lodash.trimend@4.5.1
83 silly currentTree +-- lodash@4.17.10
83 silly currentTree +-- logger@0.0.1
83 silly currentTree +-- lowercase-keys@1.0.1
83 silly currentTree +-- lru-cache@4.1.3
83 silly currentTree +-- magicli@0.0.8
83 silly currentTree +-- make-dir@1.3.0
83 silly currentTree +-- map-cache@0.2.2
83 silly currentTree +-- map-stream@0.1.0
83 silly currentTree +-- map-visit@1.0.0
83 silly currentTree +-- media-typer@0.3.0
83 silly currentTree +-- merge-descriptors@1.0.1
83 silly currentTree +-- metascraper@4.8.4
83 silly currentTree +-- methods@1.1.2
83 silly currentTree +-- micromatch@3.1.10
83 silly currentTree +-- mime-db@1.33.0
83 silly currentTree +-- mime-types@2.1.18
83 silly currentTree +-- mime@1.4.1
83 silly currentTree +-- mimic-fn@1.1.0
83 silly currentTree +-- mimic-response@1.0.1
83 silly currentTree +-- minimatch@3.0.4
83 silly currentTree +-- minimist@0.0.8
83 silly currentTree +-- mixin-deep@1.3.1
83 silly currentTree | `-- is-extendable@1.0.1
83 silly currentTree +-- mkdirp@0.5.1
83 silly currentTree +-- moment@2.22.2
83 silly currentTree +-- mongodb-core@3.0.2
83 silly currentTree +-- mongodb@3.0.2
83 silly currentTree +-- mongoosastic@4.4.1
83 silly currentTree +-- mongoose-legacy-pluralize@1.0.2
83 silly currentTree +-- mongoose-unique-validator@2.0.1
83 silly currentTree +-- mongoose@5.0.6
83 silly currentTree | `-- async@2.1.4
83 silly currentTree +-- morgan@1.9.0
83 silly currentTree +-- mpath@0.3.0
83 silly currentTree +-- mquery@3.0.0
83 silly currentTree | +-- bluebird@3.5.0
83 silly currentTree | `-- sliced@0.0.5
83 silly currentTree +-- ms@2.0.0
83 silly currentTree +-- multer@1.3.0
83 silly currentTree | `-- object-assign@3.0.0
83 silly currentTree +-- multiparty@4.1.3
83 silly currentTree | `-- fd-slicer@1.0.1
83 silly currentTree +-- mute-stream@0.0.5
83 silly currentTree +-- nan@2.6.2
83 silly currentTree +-- nanomatch@1.2.13
83 silly currentTree +-- natural-compare@1.4.0
83 silly currentTree +-- negotiator@0.6.1
83 silly currentTree +-- next-tick@1.0.0
83 silly currentTree +-- node-fetch@2.3.0
83 silly currentTree +-- node-pre-gyp@0.6.36
83 silly currentTree +-- node-ses@2.1.0
83 silly currentTree +-- node-uuid@1.4.8
83 silly currentTree +-- node.extend@1.1.6
83 silly currentTree +-- nodemon@1.18.3
83 silly currentTree | +-- debug@3.1.0
83 silly currentTree | `-- supports-color@5.4.0
83 silly currentTree +-- nopt@4.0.1
83 silly currentTree +-- normalize-path@2.1.1
83 silly currentTree +-- normalize-url@4.0.0
83 silly currentTree +-- npm-run-path@2.0.2
83 silly currentTree +-- npmlog@4.1.2
83 silly currentTree +-- nth-check@1.0.2
83 silly currentTree +-- number-is-nan@1.0.1
83 silly currentTree +-- oauth-sign@0.8.2
83 silly currentTree +-- object-assign@4.1.1
83 silly currentTree +-- object-copy@0.1.0
83 silly currentTree | +-- define-property@0.2.5
83 silly currentTree | `-- kind-of@3.2.2
83 silly currentTree +-- object-to-arguments@0.0.8
83 silly currentTree | +-- inspect-parameters-declaration@0.0.10
83 silly currentTree | `-- magicli@0.0.5
83 silly currentTree +-- object-visit@1.0.1
83 silly currentTree +-- object.pick@1.3.0
83 silly currentTree +-- on-finished@2.3.0
83 silly currentTree +-- on-headers@1.0.1
83 silly currentTree +-- once@1.4.0
83 silly currentTree +-- onetime@1.1.0
83 silly currentTree +-- optionator@0.8.2
83 silly currentTree +-- os-homedir@1.0.2
83 silly currentTree +-- os-tmpdir@1.0.2
83 silly currentTree +-- osenv@0.1.5
83 silly currentTree +-- otp-client@0.0.1
83 silly currentTree +-- p-cancelable@1.0.0
83 silly currentTree +-- p-finally@1.0.0
83 silly currentTree +-- p-limit@1.3.0
83 silly currentTree +-- p-locate@2.0.0
83 silly currentTree +-- p-reduce@1.0.0
83 silly currentTree +-- p-try@1.0.0
83 silly currentTree +-- package-json@4.0.1
83 silly currentTree | +-- get-stream@3.0.0
83 silly currentTree | +-- got@6.7.1
83 silly currentTree | +-- prepend-http@1.0.4
83 silly currentTree | `-- url-parse-lax@1.0.0
83 silly currentTree +-- parse-uri@1.0.0
83 silly currentTree +-- parse5@3.0.3
83 silly currentTree +-- parseurl@1.3.2
83 silly currentTree +-- pascalcase@0.1.1
83 silly currentTree +-- path-dirname@1.0.2
83 silly currentTree +-- path-exists@3.0.0
83 silly currentTree +-- path-is-absolute@1.0.1
83 silly currentTree +-- path-is-inside@1.0.2
83 silly currentTree +-- path-key@2.0.1
83 silly currentTree +-- path-parse@1.0.6
83 silly currentTree +-- path-to-regexp@0.1.7
83 silly currentTree +-- path@0.12.7
83 silly currentTree +-- pause-stream@0.0.11
83 silly currentTree +-- pend@1.2.0
83 silly currentTree +-- performance-now@2.1.0
83 silly currentTree +-- pify@3.0.0
83 silly currentTree +-- pinkie-promise@2.0.1
83 silly currentTree +-- pinkie@2.0.4
83 silly currentTree +-- pipe-functions@1.3.0
83 silly currentTree +-- pkg-config@1.1.1
83 silly currentTree +-- pluralize@1.2.1
83 silly currentTree +-- posix-character-classes@0.1.1
83 silly currentTree +-- postcss@7.0.7
83 silly currentTree | +-- ansi-styles@3.2.1
83 silly currentTree | +-- chalk@2.4.1
83 silly currentTree | +-- source-map@0.6.1
83 silly currentTree | `-- supports-color@5.5.0
83 silly currentTree +-- precond@0.2.3
83 silly currentTree +-- prelude-ls@1.1.2
83 silly currentTree +-- prepend-http@2.0.0
83 silly currentTree +-- printj@1.1.2
83 silly currentTree +-- process-nextick-args@2.0.0
83 silly currentTree +-- process@0.11.10
83 silly currentTree +-- progress@1.1.8
83 silly currentTree +-- promise@8.0.1
83 silly currentTree +-- proxy-addr@2.0.3
83 silly currentTree +-- ps-tree@1.1.0
83 silly currentTree +-- pseudomap@1.0.2
83 silly currentTree +-- pstree.remy@1.1.0
83 silly currentTree +-- pump@3.0.0
83 silly currentTree +-- punycode@1.4.1
83 silly currentTree +-- punycode2@1.0.0
83 silly currentTree +-- pusher@1.5.1
83 silly currentTree | +-- assert-plus@0.2.0
83 silly currentTree | +-- aws-sign2@0.6.0
83 silly currentTree | +-- boom@2.10.1
83 silly currentTree | +-- caseless@0.11.0
83 silly currentTree | +-- cryptiles@2.0.5
83 silly currentTree | +-- form-data@1.0.1
83 silly currentTree | +-- har-validator@2.0.6
83 silly currentTree | +-- hawk@3.1.3
83 silly currentTree | +-- hoek@2.16.3
83 silly currentTree | +-- http-signature@1.1.1
83 silly currentTree | +-- qs@6.2.3
83 silly currentTree | +-- request@2.74.0
83 silly currentTree | +-- sntp@1.0.9
83 silly currentTree | `-- tunnel-agent@0.4.3
83 silly currentTree +-- q@1.5.1
83 silly currentTree +-- qs@6.5.1
83 silly currentTree +-- querystring@0.2.0
83 silly currentTree +-- r2@2.0.1
83 silly currentTree +-- random-bytes@1.0.0
83 silly currentTree +-- range-parser@1.2.0
83 silly currentTree +-- raw-body@2.3.2
83 silly currentTree | +-- depd@1.1.1
83 silly currentTree | +-- http-errors@1.6.2
83 silly currentTree | `-- iconv-lite@0.4.19
83 silly currentTree +-- rc@1.2.5
83 silly currentTree | `-- minimist@1.2.0
83 silly currentTree +-- readable-stream@2.3.4
83 silly currentTree +-- readdirp@2.1.0
83 silly currentTree +-- readline2@1.0.1
83 silly currentTree +-- rechoir@0.6.2
83 silly currentTree +-- reduce-flatten@1.0.1
83 silly currentTree +-- regex-not@1.0.2
83 silly currentTree +-- regexp-clone@0.0.1
83 silly currentTree +-- registry-auth-token@3.3.2
83 silly currentTree +-- registry-url@3.1.0
83 silly currentTree +-- remove-trailing-separator@1.1.0
83 silly currentTree +-- repeat-element@1.1.2
83 silly currentTree +-- repeat-string@1.6.1
83 silly currentTree +-- request@2.83.0
83 silly currentTree +-- require_optional@1.0.1
83 silly currentTree +-- require-uncached@1.0.3
83 silly currentTree | `-- resolve-from@1.0.1
83 silly currentTree +-- resolve-from@2.0.0
83 silly currentTree +-- resolve-url@0.2.1
83 silly currentTree +-- resolve@1.8.1
83 silly currentTree +-- responselike@1.0.2
83 silly currentTree +-- restler@3.4.0
83 silly currentTree | +-- iconv-lite@0.2.11
83 silly currentTree | +-- qs@1.2.0
83 silly currentTree | +-- sax@0.5.8
83 silly currentTree | `-- xml2js@0.4.0
83 silly currentTree +-- restore-cursor@1.0.1
83 silly currentTree +-- ret@0.1.15
83 silly currentTree +-- rimraf@2.6.2
83 silly currentTree +-- rss-parser@3.1.2
83 silly currentTree +-- run-async@0.1.0
83 silly currentTree +-- run-parallel@1.1.9
83 silly currentTree +-- rx-lite@3.1.2
83 silly currentTree +-- safe-buffer@5.1.1
83 silly currentTree +-- safe-regex@1.1.0
83 silly currentTree +-- safer-buffer@2.1.2
83 silly currentTree +-- sanitize-html@1.19.3
83 silly currentTree | +-- ansi-styles@3.2.1
83 silly currentTree | +-- chalk@2.4.1
83 silly currentTree | `-- supports-color@5.5.0
83 silly currentTree +-- sax@1.2.4
83 silly currentTree +-- semver-diff@2.1.0
83 silly currentTree +-- semver@5.5.0
83 silly currentTree +-- send@0.16.1
83 silly currentTree | `-- statuses@1.3.1
83 silly currentTree +-- sendinblue-api@1.0.8
83 silly currentTree +-- serve-static@1.13.1
83 silly currentTree +-- set-blocking@2.0.0
83 silly currentTree +-- set-immediate-shim@1.0.1
83 silly currentTree +-- set-value@2.0.0
83 silly currentTree | `-- extend-shallow@2.0.1
83 silly currentTree +-- setprototypeof@1.0.3
83 silly currentTree +-- shebang-command@1.2.0
83 silly currentTree +-- shebang-regex@1.0.0
83 silly currentTree +-- shelljs@0.7.8
83 silly currentTree +-- signal-exit@3.0.2
83 silly currentTree +-- slice-ansi@0.0.4
83 silly currentTree +-- sliced@1.0.1
83 silly currentTree +-- smartquotes@2.3.1
83 silly currentTree +-- snapdragon-node@2.1.1
83 silly currentTree | +-- define-property@1.0.0
83 silly currentTree | +-- is-accessor-descriptor@1.0.0
83 silly currentTree | +-- is-data-descriptor@1.0.0
83 silly currentTree | `-- is-descriptor@1.0.2
83 silly currentTree +-- snapdragon-util@3.0.1
83 silly currentTree | `-- kind-of@3.2.2
83 silly currentTree +-- snapdragon@0.8.2
83 silly currentTree | +-- define-property@0.2.5
83 silly currentTree | `-- extend-shallow@2.0.1
83 silly currentTree +-- sntp@2.1.0
83 silly currentTree +-- source-map-resolve@0.5.2
83 silly currentTree +-- source-map-url@0.4.0
83 silly currentTree +-- source-map@0.5.7
83 silly currentTree +-- speakeasy@2.0.0
83 silly currentTree +-- split-skip@0.0.2
83 silly currentTree +-- split-string@3.1.0
83 silly currentTree +-- split@0.3.3
83 silly currentTree +-- sprintf-js@1.0.3
83 silly currentTree +-- srcset@1.0.0
83 silly currentTree +-- ssf@0.10.2
83 silly currentTree +-- sshpk@1.13.1
83 silly currentTree +-- standard-engine@5.2.0
83 silly currentTree | `-- minimist@1.2.0
83 silly currentTree +-- standard@8.6.0
83 silly currentTree +-- static-extend@0.1.2
83 silly currentTree | `-- define-property@0.2.5
83 silly currentTree +-- statuses@1.4.0
83 silly currentTree +-- stream-combiner@0.0.4
83 silly currentTree +-- streamsearch@0.1.2
83 silly currentTree +-- string_decoder@1.0.3
83 silly currentTree +-- string-width@1.0.2
83 silly currentTree +-- stringify-parameters@0.0.4
83 silly currentTree | `-- magicli@0.0.5
83 silly currentTree +-- stringstream@0.0.5
83 silly currentTree +-- strip-ansi@3.0.1
83 silly currentTree +-- strip-bom@3.0.0
83 silly currentTree +-- strip-eof@1.0.0
83 silly currentTree +-- strip-json-comments@2.0.1
83 silly currentTree +-- supports-color@2.0.0
83 silly currentTree +-- symbol-observable@1.2.0
83 silly currentTree +-- table-layout@0.4.4
83 silly currentTree | `-- deep-extend@0.6.0
83 silly currentTree +-- table@3.8.3
83 silly currentTree | +-- ajv@4.11.8
83 silly currentTree | +-- ansi-regex@3.0.0
83 silly currentTree | +-- is-fullwidth-code-point@2.0.0
83 silly currentTree | +-- string-width@2.1.1
83 silly currentTree | `-- strip-ansi@4.0.0
83 silly currentTree +-- tar-pack@3.4.1
83 silly currentTree +-- tar@2.2.1
83 silly currentTree +-- term-size@1.2.0
83 silly currentTree | +-- execa@0.7.0
83 silly currentTree | `-- get-stream@3.0.0
83 silly currentTree +-- text-table@0.2.0
83 silly currentTree +-- thirty-two@1.0.2
83 silly currentTree +-- through@2.3.8
83 silly currentTree +-- timed-out@4.0.1
83 silly currentTree +-- title@3.4.0
83 silly currentTree | +-- ansi-styles@3.2.1
83 silly currentTree | +-- chalk@2.3.0
83 silly currentTree | +-- has-flag@2.0.0
83 silly currentTree | `-- supports-color@4.5.0
83 silly currentTree +-- titleize@1.0.0
83 silly currentTree +-- tlds@1.203.1
83 silly currentTree +-- to-object-path@0.3.0
83 silly currentTree | `-- kind-of@3.2.2
83 silly currentTree +-- to-readable-stream@1.0.0
83 silly currentTree +-- to-regex-range@2.1.1
83 silly currentTree +-- to-regex@3.0.2
83 silly currentTree +-- toidentifier@1.0.0
83 silly currentTree +-- touch@3.1.0
83 silly currentTree | `-- nopt@1.0.10
83 silly currentTree +-- tough-cookie@2.3.3
83 silly currentTree +-- truncate@2.0.1
83 silly currentTree +-- tunnel-agent@0.6.0
83 silly currentTree +-- tweetnacl@0.14.5
83 silly currentTree +-- type-check@0.3.2
83 silly currentTree +-- type-is@1.6.16
83 silly currentTree +-- typedarray-to-buffer@3.1.5
83 silly currentTree +-- typedarray@0.0.6
83 silly currentTree +-- typical@2.6.1
83 silly currentTree +-- uid-number@0.0.6
83 silly currentTree +-- uid-safe@2.1.5
83 silly currentTree +-- undefsafe@2.0.2
83 silly currentTree +-- underscore@1.9.1
83 silly currentTree +-- union-value@1.0.0
83 silly currentTree | +-- extend-shallow@2.0.1
83 silly currentTree | `-- set-value@0.4.3
83 silly currentTree +-- uniq@1.0.1
83 silly currentTree +-- unique-string@1.0.0
83 silly currentTree +-- unpack-string@0.0.2
83 silly currentTree +-- unpipe@1.0.0
83 silly currentTree +-- unset-value@1.0.0
83 silly currentTree | +-- has-value@0.3.1
83 silly currentTree | | `-- isobject@2.1.0
83 silly currentTree | `-- has-values@0.1.4
83 silly currentTree +-- unzip-response@2.0.1
83 silly currentTree +-- upath@1.1.0
83 silly currentTree +-- update-notifier@2.5.0
83 silly currentTree | +-- ansi-styles@3.2.1
83 silly currentTree | +-- chalk@2.4.1
83 silly currentTree | `-- supports-color@5.4.0
83 silly currentTree +-- urix@0.1.0
83 silly currentTree +-- url-metadata@2.1.7
83 silly currentTree | `-- cheerio@0.22.0
83 silly currentTree +-- url-parse-lax@3.0.0
83 silly currentTree +-- url-regex@4.1.1
83 silly currentTree +-- url@0.10.3
83 silly currentTree | `-- punycode@1.3.2
83 silly currentTree +-- use@3.1.1
83 silly currentTree +-- user-home@2.0.0
83 silly currentTree +-- util-deprecate@1.0.2
83 silly currentTree +-- util@0.10.3
83 silly currentTree | `-- inherits@2.0.1
83 silly currentTree +-- utils-merge@1.0.1
83 silly currentTree +-- uuid@3.2.1
83 silly currentTree +-- validator@10.6.0
83 silly currentTree +-- vary@1.1.2
83 silly currentTree +-- verror@1.10.0
83 silly currentTree +-- video-extensions@1.1.0
83 silly currentTree +-- which@1.3.1
83 silly currentTree +-- whoops@4.0.1
83 silly currentTree +-- wide-align@1.1.2
83 silly currentTree +-- widest-line@2.0.0
83 silly currentTree | +-- ansi-regex@3.0.0
83 silly currentTree | +-- is-fullwidth-code-point@2.0.0
83 silly currentTree | +-- string-width@2.1.1
83 silly currentTree | `-- strip-ansi@4.0.0
83 silly currentTree +-- wordwrap@1.0.0
83 silly currentTree +-- wordwrapjs@3.0.0
83 silly currentTree +-- wrappy@1.0.2
83 silly currentTree +-- write-file-atomic@2.3.0
83 silly currentTree +-- write@0.2.1
83 silly currentTree +-- xdg-basedir@3.0.0
83 silly currentTree +-- xls-to-json@0.5.0
83 silly currentTree +-- xlsx@0.12.8
83 silly currentTree | `-- commander@2.14.1
83 silly currentTree +-- xml2js@0.4.19
83 silly currentTree +-- xmlbuilder@9.0.7
83 silly currentTree +-- xtend@4.0.1
83 silly currentTree +-- yallist@2.1.2
83 silly currentTree +-- yaml@0.2.3
83 silly currentTree `-- yargs-parser@7.0.0
84 silly idealTree knowledgehub@1.0.0
84 silly idealTree +-- @metascraper/helpers@4.9.0
84 silly idealTree | +-- lodash@4.17.11
84 silly idealTree | +-- mime-db@1.37.0
84 silly idealTree | +-- mime-types@2.1.21
84 silly idealTree | `-- normalize-url@4.1.0
84 silly idealTree +-- @sindresorhus/is@0.14.0
84 silly idealTree +-- @szmarczak/http-timer@1.1.2
84 silly idealTree +-- @types/node@10.12.18
84 silly idealTree +-- abbrev@1.1.1
84 silly idealTree +-- accepts@1.3.5
84 silly idealTree +-- acorn-jsx@3.0.1
84 silly idealTree | `-- acorn@3.3.0
84 silly idealTree +-- acorn@5.7.3
84 silly idealTree +-- adler-32@1.2.0
84 silly idealTree +-- agentkeepalive@2.2.0
84 silly idealTree +-- ajv-keywords@1.5.1
84 silly idealTree +-- ajv@5.5.2
84 silly idealTree +-- ansi-align@2.0.0
84 silly idealTree | +-- ansi-regex@3.0.0
84 silly idealTree | +-- is-fullwidth-code-point@2.0.0
84 silly idealTree | +-- string-width@2.1.1
84 silly idealTree | `-- strip-ansi@4.0.0
84 silly idealTree +-- ansi-escape-sequences@4.0.1
84 silly idealTree +-- ansi-escapes@1.4.0
84 silly idealTree +-- ansi-regex@2.1.1
84 silly idealTree +-- ansi-styles@2.2.1
84 silly idealTree +-- anymatch@2.0.0
84 silly idealTree +-- append-field@0.1.0
84 silly idealTree +-- aproba@1.2.0
84 silly idealTree +-- arch@2.1.1
84 silly idealTree +-- are-we-there-yet@1.1.5
84 silly idealTree +-- arg@1.0.0
84 silly idealTree +-- argparse@1.0.10
84 silly idealTree +-- arr-diff@4.0.0
84 silly idealTree +-- arr-flatten@1.1.0
84 silly idealTree +-- arr-union@3.1.0
84 silly idealTree +-- array-back@2.0.0
84 silly idealTree +-- array-flatten@1.1.1
84 silly idealTree +-- array-uniq@1.0.3
84 silly idealTree +-- array-unique@0.3.2
84 silly idealTree +-- asap@2.0.6
84 silly idealTree +-- asn1@0.2.4
84 silly idealTree +-- assert-plus@1.0.0
84 silly idealTree +-- assign-symbols@1.0.0
84 silly idealTree +-- async-each@1.0.1
84 silly idealTree +-- async@2.6.1
84 silly idealTree +-- asyncawait@1.0.7
84 silly idealTree +-- asynckit@0.4.0
84 silly idealTree +-- atob@2.1.2
84 silly idealTree +-- audio-extensions@0.0.0
84 silly idealTree +-- aws-sdk@2.390.0
84 silly idealTree | +-- sax@1.2.1
84 silly idealTree | `-- uuid@3.3.2
84 silly idealTree +-- aws-sign2@0.7.0
84 silly idealTree +-- aws4@1.8.0
84 silly idealTree +-- babel-code-frame@6.26.0
84 silly idealTree +-- balanced-match@1.0.0
84 silly idealTree +-- base@0.11.2
84 silly idealTree | +-- define-property@1.0.0
84 silly idealTree | +-- is-accessor-descriptor@1.0.0
84 silly idealTree | +-- is-data-descriptor@1.0.0
84 silly idealTree | `-- is-descriptor@1.0.2
84 silly idealTree +-- base32.js@0.0.1
84 silly idealTree +-- base64-js@1.3.0
84 silly idealTree +-- base64url@2.0.0
84 silly idealTree +-- basic-auth@2.0.1
84 silly idealTree | `-- safe-buffer@5.1.2
84 silly idealTree +-- bcrypt-pbkdf@1.0.2
84 silly idealTree +-- bcrypt@1.0.3
84 silly idealTree +-- binary-extensions@1.12.0
84 silly idealTree +-- bl@1.1.2
84 silly idealTree | +-- process-nextick-args@1.0.7
84 silly idealTree | +-- readable-stream@2.0.6
84 silly idealTree | `-- string_decoder@0.10.31
84 silly idealTree +-- block-stream@0.0.9
84 silly idealTree +-- bluebird@3.5.3
84 silly idealTree +-- body-parser@1.18.3
84 silly idealTree | +-- qs@6.5.2
84 silly idealTree | `-- raw-body@2.3.3
84 silly idealTree +-- boolbase@1.0.0
84 silly idealTree +-- boom@4.3.1
84 silly idealTree +-- boxen@1.3.0
84 silly idealTree | +-- ansi-regex@3.0.0
84 silly idealTree | +-- ansi-styles@3.2.1
84 silly idealTree | +-- chalk@2.4.2
84 silly idealTree | +-- is-fullwidth-code-point@2.0.0
84 silly idealTree | +-- string-width@2.1.1
84 silly idealTree | +-- strip-ansi@4.0.0
84 silly idealTree | `-- supports-color@5.5.0
84 silly idealTree +-- brace-expansion@1.1.11
84 silly idealTree +-- braces@2.3.2
84 silly idealTree | `-- extend-shallow@2.0.1
84 silly idealTree +-- bson@1.0.9
84 silly idealTree +-- buffer-equal-constant-time@1.0.1
84 silly idealTree +-- buffer-from@1.1.1
84 silly idealTree +-- buffer@4.9.1
84 silly idealTree +-- busboy@0.2.14
84 silly idealTree | +-- isarray@0.0.1
84 silly idealTree | +-- readable-stream@1.1.14
84 silly idealTree | `-- string_decoder@0.10.31
84 silly idealTree +-- bytes@3.0.0
84 silly idealTree +-- cache-base@1.0.1
84 silly idealTree +-- cacheable-request@6.0.0
84 silly idealTree | `-- normalize-url@3.3.0
84 silly idealTree +-- caller-path@0.1.0
84 silly idealTree +-- callsites@0.2.0
84 silly idealTree +-- camelcase@4.1.0
84 silly idealTree +-- capture-stack-trace@1.0.1
84 silly idealTree +-- caseless@0.12.0
84 silly idealTree +-- cfb@1.0.8
84 silly idealTree +-- chalk@1.1.3
84 silly idealTree +-- cheerio-advanced-selectors@2.0.1
84 silly idealTree +-- cheerio@1.0.0-rc.2
84 silly idealTree +-- chokidar@2.0.4
84 silly idealTree +-- chrono-node@1.3.5
84 silly idealTree +-- ci-info@1.6.0
84 silly idealTree +-- circular-json@0.3.3
84 silly idealTree +-- class-utils@0.3.6
84 silly idealTree | `-- define-property@0.2.5
84 silly idealTree +-- clean-stack@1.3.0
84 silly idealTree +-- cli-boxes@1.0.0
84 silly idealTree +-- cli-cursor@1.0.2
84 silly idealTree +-- cli-width@2.2.0
84 silly idealTree +-- clipboardy@1.2.2
84 silly idealTree +-- cliss@0.0.2
84 silly idealTree | +-- ansi-regex@3.0.0
84 silly idealTree | `-- strip-ansi@4.0.0
84 silly idealTree +-- clone-response@1.0.2
84 silly idealTree +-- co@4.6.0
84 silly idealTree +-- code-point-at@1.1.0
84 silly idealTree +-- codepage@1.12.2
84 silly idealTree | `-- commander@2.14.1
84 silly idealTree +-- collection-visit@1.0.0
84 silly idealTree +-- color-convert@1.9.3
84 silly idealTree +-- color-name@1.1.3
84 silly idealTree +-- combined-stream@1.0.7
84 silly idealTree +-- command-line-usage@4.1.0
84 silly idealTree +-- commander@2.19.0
84 silly idealTree +-- component-emitter@1.2.1
84 silly idealTree +-- concat-map@0.0.1
84 silly idealTree +-- concat-stream@1.6.2
84 silly idealTree +-- condense-whitespace@1.0.0
84 silly idealTree +-- configstore@3.1.2
84 silly idealTree +-- connect-multiparty@2.2.0
84 silly idealTree | +-- http-errors@1.7.1
84 silly idealTree | +-- multiparty@4.2.1
84 silly idealTree | +-- qs@6.5.2
84 silly idealTree | +-- safe-buffer@5.1.2
84 silly idealTree | +-- setprototypeof@1.1.0
84 silly idealTree | `-- statuses@1.5.0
84 silly idealTree +-- console-control-strings@1.1.0
84 silly idealTree +-- content-disposition@0.5.2
84 silly idealTree +-- content-type@1.0.4
84 silly idealTree +-- convert-excel-to-json@1.6.0
84 silly idealTree +-- cookie-signature@1.0.6
84 silly idealTree +-- cookie@0.3.1
84 silly idealTree +-- copy-descriptor@0.1.1
84 silly idealTree +-- core-util-is@1.0.2
84 silly idealTree +-- cors@2.8.5
84 silly idealTree +-- crc-32@1.2.0
84 silly idealTree +-- create-error-class@3.0.2
84 silly idealTree +-- cross-spawn@5.1.0
84 silly idealTree +-- cryptiles@3.1.4
84 silly idealTree | `-- boom@5.2.0
84 silly idealTree +-- crypto-random-string@1.0.0
84 silly idealTree +-- cryptr@3.0.0
84 silly idealTree +-- css-select@1.2.0
84 silly idealTree +-- css-what@2.1.2
84 silly idealTree +-- csv@0.3.7
84 silly idealTree +-- d@1.0.0
84 silly idealTree +-- dashdash@1.14.1
84 silly idealTree +-- debug-log@1.0.1
84 silly idealTree +-- debug@2.6.9
84 silly idealTree +-- decode-uri-component@0.2.0
84 silly idealTree +-- decompress-response@3.3.0
84 silly idealTree +-- deep-extend@0.4.2
84 silly idealTree +-- deep-is@0.1.3
84 silly idealTree +-- deepmerge@2.2.1
84 silly idealTree +-- defer-to-connect@1.0.1
84 silly idealTree +-- define-property@2.0.2
84 silly idealTree | +-- is-accessor-descriptor@1.0.0
84 silly idealTree | +-- is-data-descriptor@1.0.0
84 silly idealTree | `-- is-descriptor@1.0.2
84 silly idealTree +-- deglob@2.1.1
84 silly idealTree +-- delayed-stream@1.0.0
84 silly idealTree +-- delegates@1.0.0
84 silly idealTree +-- depd@1.1.2
84 silly idealTree +-- destroy@1.0.4
84 silly idealTree +-- dicer@0.2.5
84 silly idealTree | +-- isarray@0.0.1
84 silly idealTree | +-- readable-stream@1.1.14
84 silly idealTree | `-- string_decoder@0.10.31
84 silly idealTree +-- doctrine@1.5.0
84 silly idealTree +-- dom-serializer@0.1.0
84 silly idealTree | `-- domelementtype@1.1.3
84 silly idealTree +-- domelementtype@1.3.1
84 silly idealTree +-- domhandler@2.4.2
84 silly idealTree +-- domutils@1.5.1
84 silly idealTree +-- dot-prop@4.2.0
84 silly idealTree +-- duplexer@0.1.1
84 silly idealTree +-- duplexer3@0.1.4
84 silly idealTree +-- ecc-jsbn@0.1.2
84 silly idealTree +-- ecdsa-sig-formatter@1.0.9
84 silly idealTree +-- ee-first@1.1.1
84 silly idealTree +-- ejs@2.6.1
84 silly idealTree +-- elasticsearch@13.3.0
84 silly idealTree | `-- lodash@2.4.2
84 silly idealTree +-- encodeurl@1.0.2
84 silly idealTree +-- end-of-stream@1.4.1
84 silly idealTree +-- entities@1.1.2
84 silly idealTree +-- es5-ext@0.10.47
84 silly idealTree +-- es6-iterator@2.0.3
84 silly idealTree +-- es6-map@0.1.5
84 silly idealTree +-- es6-set@0.1.5
84 silly idealTree +-- es6-symbol@3.1.1
84 silly idealTree +-- es6-weak-map@2.0.2
84 silly idealTree +-- escape-html@1.0.3
84 silly idealTree +-- escape-string-regexp@1.0.5
84 silly idealTree +-- escope@3.6.0
84 silly idealTree +-- eslint-config-standard-jsx@3.2.0
84 silly idealTree +-- eslint-config-standard@6.2.1
84 silly idealTree +-- eslint-plugin-promise@3.4.2
84 silly idealTree +-- eslint-plugin-react@6.7.1
84 silly idealTree +-- eslint-plugin-standard@2.0.1
84 silly idealTree +-- eslint@3.10.2
84 silly idealTree | `-- strip-json-comments@1.0.4
84 silly idealTree +-- espree@3.5.4
84 silly idealTree +-- esprima@4.0.1
84 silly idealTree +-- esrecurse@4.2.1
84 silly idealTree +-- estraverse@4.2.0
84 silly idealTree +-- esutils@2.0.2
84 silly idealTree +-- etag@1.8.1
84 silly idealTree +-- event-emitter@0.3.5
84 silly idealTree +-- event-stream@3.3.5
84 silly idealTree | +-- map-stream@0.0.7
84 silly idealTree | +-- split@1.0.1
84 silly idealTree | `-- stream-combiner@0.2.2
84 silly idealTree +-- events@1.1.1
84 silly idealTree +-- execa@0.8.0
84 silly idealTree | `-- get-stream@3.0.0
84 silly idealTree +-- exit-hook@1.1.1
84 silly idealTree +-- exit-on-epipe@1.0.1
84 silly idealTree +-- expand-brackets@2.1.4
84 silly idealTree | +-- define-property@0.2.5
84 silly idealTree | `-- extend-shallow@2.0.1
84 silly idealTree +-- express-validator@5.3.1
84 silly idealTree +-- express@4.16.4
84 silly idealTree | +-- ipaddr.js@1.8.0
84 silly idealTree | +-- proxy-addr@2.0.4
84 silly idealTree | +-- qs@6.5.2
84 silly idealTree | +-- safe-buffer@5.1.2
84 silly idealTree | +-- send@0.16.2
84 silly idealTree | +-- serve-static@1.13.2
84 silly idealTree | `-- setprototypeof@1.1.0
84 silly idealTree +-- extend-shallow@3.0.2
84 silly idealTree | `-- is-extendable@1.0.1
84 silly idealTree +-- extend@3.0.2
84 silly idealTree +-- extglob@2.0.4
84 silly idealTree | +-- define-property@1.0.0
84 silly idealTree | +-- extend-shallow@2.0.1
84 silly idealTree | +-- is-accessor-descriptor@1.0.0
84 silly idealTree | +-- is-data-descriptor@1.0.0
84 silly idealTree | `-- is-descriptor@1.0.2
84 silly idealTree +-- extsprintf@1.3.0
84 silly idealTree +-- fast-deep-equal@1.1.0
84 silly idealTree +-- fast-json-stable-stringify@2.0.0
84 silly idealTree +-- fast-levenshtein@2.0.6
84 silly idealTree +-- fd-slicer@1.1.0
84 silly idealTree +-- fibers@2.0.2
84 silly idealTree +-- figures@1.7.0
84 silly idealTree +-- file-entry-cache@2.0.0
84 silly idealTree +-- file-extension@4.0.5
84 silly idealTree +-- fill-range@4.0.0
84 silly idealTree | `-- extend-shallow@2.0.1
84 silly idealTree +-- finalhandler@1.1.1
84 silly idealTree +-- find-root@1.1.0
84 silly idealTree +-- find-up@2.1.0
84 silly idealTree +-- flat-cache@1.3.4
84 silly idealTree +-- for-each-property-deep@0.0.3
84 silly idealTree +-- for-each-property@0.0.4
84 silly idealTree +-- for-in@1.0.2
84 silly idealTree +-- forever-agent@0.6.1
84 silly idealTree +-- form-data@2.3.3
84 silly idealTree +-- forwarded@0.1.2
84 silly idealTree +-- frac@1.1.2
84 silly idealTree +-- fragment-cache@0.2.1
84 silly idealTree +-- fresh@0.5.2
84 silly idealTree +-- from@0.1.7
84 silly idealTree +-- fs.realpath@1.0.0
84 silly idealTree +-- fs@0.0.1-security
84 silly idealTree +-- fstream-ignore@1.0.5
84 silly idealTree +-- fstream@1.0.11
84 silly idealTree +-- gauge@2.7.4
84 silly idealTree +-- generate-function@2.3.1
84 silly idealTree +-- generate-object-property@1.2.0
84 silly idealTree +-- get-prototype-chain@1.0.1
84 silly idealTree +-- get-stdin@5.0.1
84 silly idealTree +-- get-stream@4.1.0
84 silly idealTree +-- get-value@2.0.6
84 silly idealTree +-- getpass@0.1.7
84 silly idealTree +-- glob-parent@3.1.0
84 silly idealTree | `-- is-glob@3.1.0
84 silly idealTree +-- glob@7.1.3
84 silly idealTree +-- global-dirs@0.1.1
84 silly idealTree +-- globals@9.18.0
84 silly idealTree +-- got@9.6.0
84 silly idealTree +-- graceful-fs@4.1.15
84 silly idealTree +-- har-schema@2.0.0
84 silly idealTree +-- har-validator@5.0.3
84 silly idealTree +-- has-ansi@2.0.0
84 silly idealTree +-- has-flag@3.0.0
84 silly idealTree +-- has-unicode@2.0.1
84 silly idealTree +-- has-value@1.0.0
84 silly idealTree +-- has-values@1.0.0
84 silly idealTree | `-- kind-of@4.0.0
84 silly idealTree +-- hawk@6.0.2
84 silly idealTree +-- hoek@4.2.1
84 silly idealTree +-- home-or-tmp@2.0.0
84 silly idealTree +-- htmlparser2@3.10.0
84 silly idealTree | +-- readable-stream@3.1.1
84 silly idealTree | `-- string_decoder@1.2.0
84 silly idealTree +-- http-cache-semantics@4.0.2
84 silly idealTree +-- http-errors@1.6.3
84 silly idealTree | `-- setprototypeof@1.1.0
84 silly idealTree +-- http-signature@1.2.0
84 silly idealTree +-- iconv-lite@0.4.23
84 silly idealTree +-- ieee754@1.1.8
84 silly idealTree +-- ignore-by-default@1.0.1
84 silly idealTree +-- ignore@3.3.10
84 silly idealTree +-- image-extensions@1.1.0
84 silly idealTree +-- import-lazy@2.1.0
84 silly idealTree +-- imurmurhash@0.1.4
84 silly idealTree +-- inflight@1.0.6
84 silly idealTree +-- inherits@2.0.3
84 silly idealTree +-- ini@1.3.5
84 silly idealTree +-- inquirer@0.12.0
84 silly idealTree +-- inspect-function@0.2.2
84 silly idealTree | `-- split-skip@0.0.1
84 silly idealTree +-- inspect-parameters-declaration@0.0.9
84 silly idealTree | `-- magicli@0.0.5
84 silly idealTree +-- inspect-property@0.0.6
84 silly idealTree | +-- inspect-function@0.3.4
84 silly idealTree | +-- inspect-parameters-declaration@0.0.8
84 silly idealTree | | +-- inspect-function@0.2.2
84 silly idealTree | | | `-- split-skip@0.0.1
84 silly idealTree | | +-- magicli@0.0.5
84 silly idealTree | | `-- split-skip@0.0.2
84 silly idealTree | `-- split-skip@0.0.1
84 silly idealTree +-- interpret@1.1.0
84 silly idealTree +-- ip-regex@1.0.3
84 silly idealTree +-- ipaddr.js@1.6.0
84 silly idealTree +-- is-absolute-url@2.1.0
84 silly idealTree +-- is-accessor-descriptor@0.1.6
84 silly idealTree | `-- kind-of@3.2.2
84 silly idealTree +-- is-binary-path@1.0.1
84 silly idealTree +-- is-buffer@1.1.6
84 silly idealTree +-- is-ci@1.1.0
84 silly idealTree +-- is-data-descriptor@0.1.4
84 silly idealTree | `-- kind-of@3.2.2
84 silly idealTree +-- is-descriptor@0.1.6
84 silly idealTree | `-- kind-of@5.1.0
84 silly idealTree +-- is-extendable@0.1.1
84 silly idealTree +-- is-extglob@2.1.1
84 silly idealTree +-- is-fullwidth-code-point@1.0.0
84 silly idealTree +-- is-glob@4.0.0
84 silly idealTree +-- is-installed-globally@0.1.0
84 silly idealTree +-- is-my-ip-valid@1.0.0
84 silly idealTree +-- is-my-json-valid@2.17.2
84 silly idealTree +-- is-npm@1.0.0
84 silly idealTree +-- is-number@3.0.0
84 silly idealTree | `-- kind-of@3.2.2
84 silly idealTree +-- is-obj@1.0.1
84 silly idealTree +-- is-path-inside@1.0.1
84 silly idealTree +-- is-plain-object@2.0.4
84 silly idealTree +-- is-property@1.0.2
84 silly idealTree +-- is-redirect@1.0.0
84 silly idealTree +-- is-relative-url@2.0.0
84 silly idealTree +-- is-resolvable@1.1.0
84 silly idealTree +-- is-retry-allowed@1.1.0
84 silly idealTree +-- is-stream@1.1.0
84 silly idealTree +-- is-typedarray@1.0.0
84 silly idealTree +-- is-uri@1.2.0
84 silly idealTree +-- is-windows@1.0.2
84 silly idealTree +-- is@3.2.1
84 silly idealTree +-- isarray@1.0.0
84 silly idealTree +-- isexe@2.0.0
84 silly idealTree +-- iso-639-3@1.1.0
84 silly idealTree +-- isobject@3.0.1
84 silly idealTree +-- isostring@0.0.1
84 silly idealTree +-- isstream@0.1.2
84 silly idealTree +-- jmespath@0.15.0
84 silly idealTree +-- js-tokens@3.0.2
84 silly idealTree +-- js-yaml@3.12.0
84 silly idealTree +-- jsbn@0.1.1
84 silly idealTree +-- json-buffer@3.0.0
84 silly idealTree +-- json-schema-traverse@0.3.1
84 silly idealTree +-- json-schema@0.2.3
84 silly idealTree +-- json-stable-stringify@1.0.1
84 silly idealTree +-- json-stringify-safe@5.0.1
84 silly idealTree +-- jsonify@0.0.0
84 silly idealTree +-- jsonpointer@4.0.1
84 silly idealTree +-- jsonwebtoken@8.1.1
84 silly idealTree | `-- ms@2.1.1
84 silly idealTree +-- jsprim@1.4.1
84 silly idealTree +-- jsx-ast-utils@1.4.1
84 silly idealTree +-- jwa@1.1.5
84 silly idealTree +-- jws@3.1.4
84 silly idealTree +-- kareem@2.0.4
84 silly idealTree +-- keyv@3.1.0
84 silly idealTree +-- kind-of@6.0.2
84 silly idealTree +-- latest-version@3.1.0
84 silly idealTree +-- left-pad@1.2.0
84 silly idealTree +-- levn@0.3.0
84 silly idealTree +-- locate-path@2.0.0
84 silly idealTree +-- lodash-node@3.10.2
84 silly idealTree +-- lodash.assignin@4.2.0
84 silly idealTree +-- lodash.bind@4.2.1
84 silly idealTree +-- lodash.clonedeep@4.5.0
84 silly idealTree +-- lodash.debounce@4.0.8
84 silly idealTree +-- lodash.defaults@4.2.0
84 silly idealTree +-- lodash.escaperegexp@4.1.2
84 silly idealTree +-- lodash.filter@4.6.0
84 silly idealTree +-- lodash.flatten@4.4.0
84 silly idealTree +-- lodash.foreach@4.5.0
84 silly idealTree +-- lodash.get@4.4.2
84 silly idealTree +-- lodash.groupby@4.6.0
84 silly idealTree +-- lodash.includes@4.3.0
84 silly idealTree +-- lodash.isboolean@3.0.3
84 silly idealTree +-- lodash.isempty@4.4.0
84 silly idealTree +-- lodash.isinteger@4.0.4
84 silly idealTree +-- lodash.isnumber@3.0.3
84 silly idealTree +-- lodash.isplainobject@4.0.6
84 silly idealTree +-- lodash.isstring@4.0.1
84 silly idealTree +-- lodash.map@4.6.0
84 silly idealTree +-- lodash.merge@4.6.1
84 silly idealTree +-- lodash.mergewith@4.6.1
84 silly idealTree +-- lodash.once@4.1.1
84 silly idealTree +-- lodash.padend@4.6.1
84 silly idealTree +-- lodash.pick@4.4.0
84 silly idealTree +-- lodash.reduce@4.6.0
84 silly idealTree +-- lodash.reject@4.6.0
84 silly idealTree +-- lodash.some@4.6.0
84 silly idealTree +-- lodash.trimend@4.5.1
84 silly idealTree +-- lodash@4.17.10
84 silly idealTree +-- logger@0.0.1
84 silly idealTree +-- lowercase-keys@1.0.1
84 silly idealTree +-- lru-cache@4.1.3
84 silly idealTree +-- magicli@0.0.8
84 silly idealTree +-- make-dir@1.3.0
84 silly idealTree +-- map-cache@0.2.2
84 silly idealTree +-- map-stream@0.1.0
84 silly idealTree +-- map-visit@1.0.0
84 silly idealTree +-- media-typer@0.3.0
84 silly idealTree +-- merge-descriptors@1.0.1
84 silly idealTree +-- metascraper@4.8.4
84 silly idealTree +-- methods@1.1.2
84 silly idealTree +-- micromatch@3.1.10
84 silly idealTree +-- mime-db@1.33.0
84 silly idealTree +-- mime-types@2.1.18
84 silly idealTree +-- mime@1.4.1
84 silly idealTree +-- mimic-fn@1.1.0
84 silly idealTree +-- mimic-response@1.0.1
84 silly idealTree +-- minimatch@3.0.4
84 silly idealTree +-- minimist@0.0.8
84 silly idealTree +-- mixin-deep@1.3.1
84 silly idealTree | `-- is-extendable@1.0.1
84 silly idealTree +-- mkdirp@0.5.1
84 silly idealTree +-- moment@2.22.2
84 silly idealTree +-- mongodb-core@3.0.2
84 silly idealTree +-- mongodb@3.0.2
84 silly idealTree +-- mongoosastic@4.4.1
84 silly idealTree +-- mongoose-legacy-pluralize@1.0.2
84 silly idealTree +-- mongoose-unique-validator@2.0.1
84 silly idealTree +-- mongoose@5.0.6
84 silly idealTree | `-- async@2.1.4
84 silly idealTree +-- morgan@1.9.0
84 silly idealTree +-- mpath@0.3.0
84 silly idealTree +-- mquery@3.0.0
84 silly idealTree | +-- bluebird@3.5.0
84 silly idealTree | `-- sliced@0.0.5
84 silly idealTree +-- ms@2.0.0
84 silly idealTree +-- multer@1.3.0
84 silly idealTree | `-- object-assign@3.0.0
84 silly idealTree +-- multiparty@4.1.3
84 silly idealTree | `-- fd-slicer@1.0.1
84 silly idealTree +-- mute-stream@0.0.5
84 silly idealTree +-- nan@2.6.2
84 silly idealTree +-- nanomatch@1.2.13
84 silly idealTree +-- natural-compare@1.4.0
84 silly idealTree +-- negotiator@0.6.1
84 silly idealTree +-- next-tick@1.0.0
84 silly idealTree +-- node-fetch@2.3.0
84 silly idealTree +-- node-pre-gyp@0.6.36
84 silly idealTree +-- node-ses@2.1.0
84 silly idealTree +-- node-uuid@1.4.8
84 silly idealTree +-- node.extend@1.1.6
84 silly idealTree +-- nodemon@1.18.3
84 silly idealTree | +-- debug@3.1.0
84 silly idealTree | `-- supports-color@5.4.0
84 silly idealTree +-- nopt@4.0.1
84 silly idealTree +-- normalize-path@2.1.1
84 silly idealTree +-- normalize-url@4.0.0
84 silly idealTree +-- npm-run-path@2.0.2
84 silly idealTree +-- npmlog@4.1.2
84 silly idealTree +-- nth-check@1.0.2
84 silly idealTree +-- number-is-nan@1.0.1
84 silly idealTree +-- oauth-sign@0.8.2
84 silly idealTree +-- object-assign@4.1.1
84 silly idealTree +-- object-copy@0.1.0
84 silly idealTree | +-- define-property@0.2.5
84 silly idealTree | `-- kind-of@3.2.2
84 silly idealTree +-- object-to-arguments@0.0.8
84 silly idealTree | +-- inspect-parameters-declaration@0.0.10
84 silly idealTree | `-- magicli@0.0.5
84 silly idealTree +-- object-visit@1.0.1
84 silly idealTree +-- object.pick@1.3.0
84 silly idealTree +-- on-finished@2.3.0
84 silly idealTree +-- on-headers@1.0.1
84 silly idealTree +-- once@1.4.0
84 silly idealTree +-- onetime@1.1.0
84 silly idealTree +-- optionator@0.8.2
84 silly idealTree +-- os-homedir@1.0.2
84 silly idealTree +-- os-tmpdir@1.0.2
84 silly idealTree +-- osenv@0.1.5
84 silly idealTree +-- otp-client@0.0.1
84 silly idealTree +-- p-cancelable@1.0.0
84 silly idealTree +-- p-finally@1.0.0
84 silly idealTree +-- p-limit@1.3.0
84 silly idealTree +-- p-locate@2.0.0
84 silly idealTree +-- p-reduce@1.0.0
84 silly idealTree +-- p-try@1.0.0
84 silly idealTree +-- package-json@4.0.1
84 silly idealTree | +-- get-stream@3.0.0
84 silly idealTree | +-- got@6.7.1
84 silly idealTree | +-- prepend-http@1.0.4
84 silly idealTree | `-- url-parse-lax@1.0.0
84 silly idealTree +-- parse-uri@1.0.0
84 silly idealTree +-- parse5@3.0.3
84 silly idealTree +-- parseurl@1.3.2
84 silly idealTree +-- pascalcase@0.1.1
84 silly idealTree +-- path-dirname@1.0.2
84 silly idealTree +-- path-exists@3.0.0
84 silly idealTree +-- path-is-absolute@1.0.1
84 silly idealTree +-- path-is-inside@1.0.2
84 silly idealTree +-- path-key@2.0.1
84 silly idealTree +-- path-parse@1.0.6
84 silly idealTree +-- path-to-regexp@0.1.7
84 silly idealTree +-- path@0.12.7
84 silly idealTree +-- pause-stream@0.0.11
84 silly idealTree +-- pend@1.2.0
84 silly idealTree +-- performance-now@2.1.0
84 silly idealTree +-- pify@3.0.0
84 silly idealTree +-- pinkie-promise@2.0.1
84 silly idealTree +-- pinkie@2.0.4
84 silly idealTree +-- pipe-functions@1.3.0
84 silly idealTree +-- pkg-config@1.1.1
84 silly idealTree +-- pluralize@1.2.1
84 silly idealTree +-- posix-character-classes@0.1.1
84 silly idealTree +-- postcss@7.0.7
84 silly idealTree | +-- ansi-styles@3.2.1
84 silly idealTree | +-- chalk@2.4.1
84 silly idealTree | +-- source-map@0.6.1
84 silly idealTree | `-- supports-color@5.5.0
84 silly idealTree +-- precond@0.2.3
84 silly idealTree +-- prelude-ls@1.1.2
84 silly idealTree +-- prepend-http@2.0.0
84 silly idealTree +-- printj@1.1.2
84 silly idealTree +-- process-nextick-args@2.0.0
84 silly idealTree +-- process@0.11.10
84 silly idealTree +-- progress@1.1.8
84 silly idealTree +-- promise@8.0.1
84 silly idealTree +-- proxy-addr@2.0.3
84 silly idealTree +-- ps-tree@1.1.0
84 silly idealTree +-- pseudomap@1.0.2
84 silly idealTree +-- pstree.remy@1.1.0
84 silly idealTree +-- pump@3.0.0
84 silly idealTree +-- punycode@1.4.1
84 silly idealTree +-- punycode2@1.0.0
84 silly idealTree +-- pusher@1.5.1
84 silly idealTree | +-- assert-plus@0.2.0
84 silly idealTree | +-- aws-sign2@0.6.0
84 silly idealTree | +-- boom@2.10.1
84 silly idealTree | +-- caseless@0.11.0
84 silly idealTree | +-- cryptiles@2.0.5
84 silly idealTree | +-- form-data@1.0.1
84 silly idealTree | +-- har-validator@2.0.6
84 silly idealTree | +-- hawk@3.1.3
84 silly idealTree | +-- hoek@2.16.3
84 silly idealTree | +-- http-signature@1.1.1
84 silly idealTree | +-- qs@6.2.3
84 silly idealTree | +-- request@2.74.0
84 silly idealTree | +-- sntp@1.0.9
84 silly idealTree | `-- tunnel-agent@0.4.3
84 silly idealTree +-- q@1.5.1
84 silly idealTree +-- qs@6.5.1
84 silly idealTree +-- querystring@0.2.0
84 silly idealTree +-- r2@2.0.1
84 silly idealTree +-- random-bytes@1.0.0
84 silly idealTree +-- range-parser@1.2.0
84 silly idealTree +-- raw-body@2.3.2
84 silly idealTree | +-- depd@1.1.1
84 silly idealTree | +-- http-errors@1.6.2
84 silly idealTree | `-- iconv-lite@0.4.19
84 silly idealTree +-- rc@1.2.5
84 silly idealTree | `-- minimist@1.2.0
84 silly idealTree +-- readable-stream@2.3.4
84 silly idealTree +-- readdirp@2.1.0
84 silly idealTree +-- readline2@1.0.1
84 silly idealTree +-- rechoir@0.6.2
84 silly idealTree +-- reduce-flatten@1.0.1
84 silly idealTree +-- regex-not@1.0.2
84 silly idealTree +-- regexp-clone@0.0.1
84 silly idealTree +-- registry-auth-token@3.3.2
84 silly idealTree +-- registry-url@3.1.0
84 silly idealTree +-- remove-trailing-separator@1.1.0
84 silly idealTree +-- repeat-element@1.1.2
84 silly idealTree +-- repeat-string@1.6.1
84 silly idealTree +-- request@2.83.0
84 silly idealTree +-- require_optional@1.0.1
84 silly idealTree +-- require-uncached@1.0.3
84 silly idealTree | `-- resolve-from@1.0.1
84 silly idealTree +-- resolve-from@2.0.0
84 silly idealTree +-- resolve-url@0.2.1
84 silly idealTree +-- resolve@1.8.1
84 silly idealTree +-- responselike@1.0.2
84 silly idealTree +-- restler@3.4.0
84 silly idealTree | +-- iconv-lite@0.2.11
84 silly idealTree | +-- qs@1.2.0
84 silly idealTree | +-- sax@0.5.8
84 silly idealTree | `-- xml2js@0.4.0
84 silly idealTree +-- restore-cursor@1.0.1
84 silly idealTree +-- ret@0.1.15
84 silly idealTree +-- rimraf@2.6.2
84 silly idealTree +-- rss-parser@3.1.2
84 silly idealTree +-- run-async@0.1.0
84 silly idealTree +-- run-parallel@1.1.9
84 silly idealTree +-- rx-lite@3.1.2
84 silly idealTree +-- safe-buffer@5.1.1
84 silly idealTree +-- safe-regex@1.1.0
84 silly idealTree +-- safer-buffer@2.1.2
84 silly idealTree +-- sanitize-html@1.19.3
84 silly idealTree | +-- ansi-styles@3.2.1
84 silly idealTree | +-- chalk@2.4.1
84 silly idealTree | `-- supports-color@5.5.0
84 silly idealTree +-- sax@1.2.4
84 silly idealTree +-- semver-diff@2.1.0
84 silly idealTree +-- semver@5.5.0
84 silly idealTree +-- send@0.16.1
84 silly idealTree | `-- statuses@1.3.1
84 silly idealTree +-- sendinblue-api@1.0.8
84 silly idealTree +-- serve-static@1.13.1
84 silly idealTree +-- set-blocking@2.0.0
84 silly idealTree +-- set-immediate-shim@1.0.1
84 silly idealTree +-- set-value@2.0.0
84 silly idealTree | `-- extend-shallow@2.0.1
84 silly idealTree +-- setprototypeof@1.0.3
84 silly idealTree +-- shebang-command@1.2.0
84 silly idealTree +-- shebang-regex@1.0.0
84 silly idealTree +-- shelljs@0.7.8
84 silly idealTree +-- signal-exit@3.0.2
84 silly idealTree +-- slice-ansi@0.0.4
84 silly idealTree +-- sliced@1.0.1
84 silly idealTree +-- smartquotes@2.3.1
84 silly idealTree +-- snapdragon-node@2.1.1
84 silly idealTree | +-- define-property@1.0.0
84 silly idealTree | +-- is-accessor-descriptor@1.0.0
84 silly idealTree | +-- is-data-descriptor@1.0.0
84 silly idealTree | `-- is-descriptor@1.0.2
84 silly idealTree +-- snapdragon-util@3.0.1
84 silly idealTree | `-- kind-of@3.2.2
84 silly idealTree +-- snapdragon@0.8.2
84 silly idealTree | +-- define-property@0.2.5
84 silly idealTree | `-- extend-shallow@2.0.1
84 silly idealTree +-- sntp@2.1.0
84 silly idealTree +-- source-map-resolve@0.5.2
84 silly idealTree +-- source-map-url@0.4.0
84 silly idealTree +-- source-map@0.5.7
84 silly idealTree +-- speakeasy@2.0.0
84 silly idealTree +-- split-skip@0.0.2
84 silly idealTree +-- split-string@3.1.0
84 silly idealTree +-- split@0.3.3
84 silly idealTree +-- sprintf-js@1.0.3
84 silly idealTree +-- srcset@1.0.0
84 silly idealTree +-- ssf@0.10.2
84 silly idealTree +-- sshpk@1.13.1
84 silly idealTree +-- standard-engine@5.2.0
84 silly idealTree | `-- minimist@1.2.0
84 silly idealTree +-- standard@8.6.0
84 silly idealTree +-- static-extend@0.1.2
84 silly idealTree | `-- define-property@0.2.5
84 silly idealTree +-- statuses@1.4.0
84 silly idealTree +-- stream-combiner@0.0.4
84 silly idealTree +-- streamsearch@0.1.2
84 silly idealTree +-- string_decoder@1.0.3
84 silly idealTree +-- string-width@1.0.2
84 silly idealTree +-- stringify-parameters@0.0.4
84 silly idealTree | `-- magicli@0.0.5
84 silly idealTree +-- stringstream@0.0.5
84 silly idealTree +-- strip-ansi@3.0.1
84 silly idealTree +-- strip-bom@3.0.0
84 silly idealTree +-- strip-eof@1.0.0
84 silly idealTree +-- strip-json-comments@2.0.1
84 silly idealTree +-- supports-color@2.0.0
84 silly idealTree +-- symbol-observable@1.2.0
84 silly idealTree +-- table-layout@0.4.4
84 silly idealTree | `-- deep-extend@0.6.0
84 silly idealTree +-- table@3.8.3
84 silly idealTree | +-- ajv@4.11.8
84 silly idealTree | +-- ansi-regex@3.0.0
84 silly idealTree | +-- is-fullwidth-code-point@2.0.0
84 silly idealTree | +-- string-width@2.1.1
84 silly idealTree | `-- strip-ansi@4.0.0
84 silly idealTree +-- tar-pack@3.4.1
84 silly idealTree +-- tar@2.2.1
84 silly idealTree +-- term-size@1.2.0
84 silly idealTree | +-- execa@0.7.0
84 silly idealTree | `-- get-stream@3.0.0
84 silly idealTree +-- text-table@0.2.0
84 silly idealTree +-- thirty-two@1.0.2
84 silly idealTree +-- through@2.3.8
84 silly idealTree +-- timed-out@4.0.1
84 silly idealTree +-- title@3.4.0
84 silly idealTree | +-- ansi-styles@3.2.1
84 silly idealTree | +-- chalk@2.3.0
84 silly idealTree | +-- has-flag@2.0.0
84 silly idealTree | `-- supports-color@4.5.0
84 silly idealTree +-- titleize@1.0.0
84 silly idealTree +-- tlds@1.203.1
84 silly idealTree +-- to-object-path@0.3.0
84 silly idealTree | `-- kind-of@3.2.2
84 silly idealTree +-- to-readable-stream@1.0.0
84 silly idealTree +-- to-regex-range@2.1.1
84 silly idealTree +-- to-regex@3.0.2
84 silly idealTree +-- toidentifier@1.0.0
84 silly idealTree +-- touch@3.1.0
84 silly idealTree | `-- nopt@1.0.10
84 silly idealTree +-- tough-cookie@2.3.3
84 silly idealTree +-- truncate@2.0.1
84 silly idealTree +-- tunnel-agent@0.6.0
84 silly idealTree +-- tweetnacl@0.14.5
84 silly idealTree +-- type-check@0.3.2
84 silly idealTree +-- type-is@1.6.16
84 silly idealTree +-- typedarray-to-buffer@3.1.5
84 silly idealTree +-- typedarray@0.0.6
84 silly idealTree +-- typical@2.6.1
84 silly idealTree +-- uid-number@0.0.6
84 silly idealTree +-- uid-safe@2.1.5
84 silly idealTree +-- undefsafe@2.0.2
84 silly idealTree +-- underscore@1.9.1
84 silly idealTree +-- union-value@1.0.0
84 silly idealTree | +-- extend-shallow@2.0.1
84 silly idealTree | `-- set-value@0.4.3
84 silly idealTree +-- uniq@1.0.1
84 silly idealTree +-- unique-string@1.0.0
84 silly idealTree +-- unpack-string@0.0.2
84 silly idealTree +-- unpipe@1.0.0
84 silly idealTree +-- unset-value@1.0.0
84 silly idealTree | +-- has-value@0.3.1
84 silly idealTree | | `-- isobject@2.1.0
84 silly idealTree | `-- has-values@0.1.4
84 silly idealTree +-- unzip-response@2.0.1
84 silly idealTree +-- upath@1.1.0
84 silly idealTree +-- update-notifier@2.5.0
84 silly idealTree | +-- ansi-styles@3.2.1
84 silly idealTree | +-- chalk@2.4.1
84 silly idealTree | `-- supports-color@5.4.0
84 silly idealTree +-- urix@0.1.0
84 silly idealTree +-- url-metadata@2.1.7
84 silly idealTree | `-- cheerio@0.22.0
84 silly idealTree +-- url-parse-lax@3.0.0
84 silly idealTree +-- url-regex@4.1.1
84 silly idealTree +-- url@0.10.3
84 silly idealTree | `-- punycode@1.3.2
84 silly idealTree +-- use@3.1.1
84 silly idealTree +-- user-home@2.0.0
84 silly idealTree +-- util-deprecate@1.0.2
84 silly idealTree +-- util@0.10.3
84 silly idealTree | `-- inherits@2.0.1
84 silly idealTree +-- utils-merge@1.0.1
84 silly idealTree +-- uuid@3.2.1
84 silly idealTree +-- validator@10.6.0
84 silly idealTree +-- vary@1.1.2
84 silly idealTree +-- verror@1.10.0
84 silly idealTree +-- video-extensions@1.1.0
84 silly idealTree +-- which@1.3.1
84 silly idealTree +-- whoops@4.0.1
84 silly idealTree +-- wide-align@1.1.2
84 silly idealTree +-- widest-line@2.0.0
84 silly idealTree | +-- ansi-regex@3.0.0
84 silly idealTree | +-- is-fullwidth-code-point@2.0.0
84 silly idealTree | +-- string-width@2.1.1
84 silly idealTree | `-- strip-ansi@4.0.0
84 silly idealTree +-- wordwrap@1.0.0
84 silly idealTree +-- wordwrapjs@3.0.0
84 silly idealTree +-- wrappy@1.0.2
84 silly idealTree +-- write-file-atomic@2.3.0
84 silly idealTree +-- write@0.2.1
84 silly idealTree +-- xdg-basedir@3.0.0
84 silly idealTree +-- xls-to-json@0.5.0
84 silly idealTree +-- xlsx@0.12.8
84 silly idealTree | `-- commander@2.14.1
84 silly idealTree +-- xml2js@0.4.19
84 silly idealTree +-- xmlbuilder@9.0.7
84 silly idealTree +-- xtend@4.0.1
84 silly idealTree +-- yallist@2.1.2
84 silly idealTree +-- yaml@0.2.3
84 silly idealTree `-- yargs-parser@7.0.0
85 silly generateActionsToTake Starting
86 silly install generateActionsToTake
87 silly generateActionsToTake Finishing
88 silly diffTrees action count 1
89 silly diffTrees add bcrypt@1.0.3
90 silly decomposeActions action count 8
91 silly decomposeActions fetch bcrypt@1.0.3
92 silly decomposeActions extract bcrypt@1.0.3
93 silly decomposeActions test bcrypt@1.0.3
94 silly decomposeActions preinstall bcrypt@1.0.3
95 silly decomposeActions build bcrypt@1.0.3
96 silly decomposeActions install bcrypt@1.0.3
97 silly decomposeActions postinstall bcrypt@1.0.3
98 silly decomposeActions finalize bcrypt@1.0.3
99 silly runTopLevelLifecycles Starting
100 silly executeActions Starting
101 silly install executeActions
102 silly doSerial global-install 0
103 silly doParallel fetch 1
104 verbose correctMkdir C:\Users\codewave\AppData\Roaming\npm-cache\_locks correctMkdir not in flight; initializing
105 verbose lock using C:\Users\codewave\AppData\Roaming\npm-cache\_locks\staging-5a9c66a7b2194986.lock for F:\AAAANODE\KHProject\New folder\knowledgehub\node_modules\.staging
106 silly doParallel extract 1
107 silly extract bcrypt@1.0.3
108 verbose unbuild node_modules\.staging\bcrypt-19a296d4
109 silly gentlyRm F:\AAAANODE\KHProject\New folder\knowledgehub\node_modules\.staging\bcrypt-19a296d4 is being purged from base F:\AAAANODE\KHProject\New folder\knowledgehub
110 verbose gentlyRm don't care about contents; nuking F:\AAAANODE\KHProject\New folder\knowledgehub\node_modules\.staging\bcrypt-19a296d4
111 verbose tar unpack C:\Users\codewave\AppData\Roaming\npm-cache\bcrypt\1.0.3\package.tgz
112 verbose tar unpacking to F:\AAAANODE\KHProject\New folder\knowledgehub\node_modules\.staging\bcrypt-19a296d4
113 silly gentlyRm F:\AAAANODE\KHProject\New folder\knowledgehub\node_modules\.staging\bcrypt-19a296d4 is being purged
114 verbose gentlyRm don't care about contents; nuking F:\AAAANODE\KHProject\New folder\knowledgehub\node_modules\.staging\bcrypt-19a296d4
115 silly gunzTarPerm modes [ '777', '666' ]
116 silly gunzTarPerm extractEntry package.json
117 silly gunzTarPerm modified mode [ 'package.json', 420, 438 ]
118 silly gunzTarPerm extractEntry .npmignore
119 silly gunzTarPerm modified mode [ '.npmignore', 420, 438 ]
120 silly gunzTarPerm extractEntry README.md
121 silly gunzTarPerm modified mode [ 'README.md', 420, 438 ]
122 silly gunzTarPerm extractEntry LICENSE
123 silly gunzTarPerm modified mode [ 'LICENSE', 420, 438 ]
124 silly gunzTarPerm extractEntry bcrypt.js
125 silly gunzTarPerm modified mode [ 'bcrypt.js', 420, 438 ]
126 silly gunzTarPerm extractEntry Makefile
127 silly gunzTarPerm modified mode [ 'Makefile', 420, 438 ]
128 silly gunzTarPerm extractEntry .travis.yml
129 silly gunzTarPerm modified mode [ '.travis.yml', 420, 438 ]
130 silly gunzTarPerm extractEntry appveyor.yml
131 silly gunzTarPerm modified mode [ 'appveyor.yml', 420, 438 ]
132 silly gunzTarPerm extractEntry CHANGELOG.md
133 silly gunzTarPerm modified mode [ 'CHANGELOG.md', 420, 438 ]
134 silly gunzTarPerm extractEntry binding.gyp
135 silly gunzTarPerm modified mode [ 'binding.gyp', 420, 438 ]
136 silly gunzTarPerm extractEntry examples/async_compare.js
137 silly gunzTarPerm modified mode [ 'examples/async_compare.js', 420, 438 ]
138 silly gunzTarPerm extractEntry examples/forever_gen_salt.js
139 silly gunzTarPerm modified mode [ 'examples/forever_gen_salt.js', 420, 438 ]
140 silly gunzTarPerm extractEntry lib/promises.js
141 silly gunzTarPerm modified mode [ 'lib/promises.js', 420, 438 ]
142 silly gunzTarPerm extractEntry test/async.js
143 silly gunzTarPerm modified mode [ 'test/async.js', 420, 438 ]
144 silly gunzTarPerm extractEntry test/promise.js
145 silly gunzTarPerm modified mode [ 'test/promise.js', 420, 438 ]
146 silly gunzTarPerm extractEntry test/repetitions.js
147 silly gunzTarPerm modified mode [ 'test/repetitions.js', 420, 438 ]
148 silly gunzTarPerm extractEntry test/sync.js
149 silly gunzTarPerm modified mode [ 'test/sync.js', 420, 438 ]
150 silly gunzTarPerm extractEntry ISSUE_TEMPLATE.md
151 silly gunzTarPerm modified mode [ 'ISSUE_TEMPLATE.md', 420, 438 ]
152 silly gunzTarPerm extractEntry src/bcrypt.cc
153 silly gunzTarPerm modified mode [ 'src/bcrypt.cc', 420, 438 ]
154 silly gunzTarPerm extractEntry src/bcrypt_node.cc
155 silly gunzTarPerm modified mode [ 'src/bcrypt_node.cc', 420, 438 ]
156 silly gunzTarPerm extractEntry src/blowfish.cc
157 silly gunzTarPerm modified mode [ 'src/blowfish.cc', 420, 438 ]
158 silly gunzTarPerm extractEntry src/node_blf.h
159 silly gunzTarPerm modified mode [ 'src/node_blf.h', 420, 438 ]
160 silly gunzTarPerm extractEntry werker.yml
161 silly gunzTarPerm modified mode [ 'werker.yml', 420, 438 ]
162 silly gentlyRm F:\AAAANODE\KHProject\New folder\knowledgehub\node_modules\.staging\bcrypt-19a296d4\node_modules is being purged
163 verbose gentlyRm don't care about contents; nuking F:\AAAANODE\KHProject\New folder\knowledgehub\node_modules\.staging\bcrypt-19a296d4\node_modules
164 silly doParallel preinstall 1
165 silly preinstall bcrypt@1.0.3 F:\AAAANODE\KHProject\New folder\knowledgehub\node_modules\.staging\bcrypt-19a296d4
166 info lifecycle bcrypt@1.0.3~preinstall: bcrypt@1.0.3
167 silly lifecycle bcrypt@1.0.3~preinstall: no script for preinstall, continuing
168 silly doReverseSerial remove 0
169 silly doSerial move 0
170 silly doSerial finalize 1
171 silly finalize F:\AAAANODE\KHProject\New folder\knowledgehub\node_modules\bcrypt
172 silly doSerial build 1
173 silly build bcrypt@1.0.3
174 info linkStuff bcrypt@1.0.3
175 silly linkStuff bcrypt@1.0.3 has F:\AAAANODE\KHProject\New folder\knowledgehub\node_modules as its parent node_modules
176 verbose linkBins bcrypt@1.0.3
177 verbose linkMans bcrypt@1.0.3
178 silly doSerial global-link 0
179 silly doParallel update-linked 0
180 silly doSerial install 1
181 silly install bcrypt@1.0.3 F:\AAAANODE\KHProject\New folder\knowledgehub\node_modules\.staging\bcrypt-19a296d4
182 info lifecycle bcrypt@1.0.3~install: bcrypt@1.0.3
183 verbose lifecycle bcrypt@1.0.3~install: unsafe-perm in lifecycle true
184 verbose lifecycle bcrypt@1.0.3~install: PATH: C:\Users\codewave\AppData\Roaming\nvm\v6.16.0\node_modules\npm\bin\node-gyp-bin;F:\AAAANODE\KHProject\New folder\knowledgehub\node_modules\bcrypt\node_modules\.bin;F:\AAAANODE\KHProject\New folder\knowledgehub\node_modules\.bin;C:\ProgramData\Oracle\Java\javapath;C:\Program Files\Dell\DW WLAN Card;C:\Windows\system32;C:\Windows;C:\Windows\System32\Wbem;C:\Windows\System32\WindowsPowerShell\v1.0\;C:\Program Files\WIDCOMM\Bluetooth Software\;C:\Program Files\WIDCOMM\Bluetooth Software\syswow64;C:\Program Files (x86)\Common Files\lenovo\easyplussdk\bin;C:\Program Files\Java\jdk1.7.0_79\bin;C:\xampp\php;C:\ProgramData\ComposerSetup\bin;C:\Program Files (x86)\Microsoft SQL Server\110\Tools\Binn\;C:\Program Files\Microsoft SQL Server\110\Tools\Binn\;C:\Program Files\Microsoft SQL Server\110\DTS\Binn\;C:\Program Files (x86)\Microsoft SQL Server\110\Tools\Binn\ManagementStudio\;C:\Program Files (x86)\Microsoft Visual Studio 10.0\Common7\IDE\PrivateAssemblies\;C:\Program Files (x86)\Microsoft SQL Server\110\DTS\Binn\;C:\opt\sensu\bin;C:\opt\sensu\embedded\bin;C:\Program Files\nodejs\;C:\Program Files\Amazon\AWSCLI\bin\;C:\Users\codewave\AppData\Local\Programs\Python\Python37-32\Scripts\;C:\Users\codewave\AppData\Local\Programs\Python\Python37-32\;C:\xampp;C:\Program Files\Git\cmd;C:\Program Files\Heroku\bin;C:\Users\codewave\AppData\Local\atom\bin;C:\Users\codewave\AppData\Local\Google\Cloud SDK\google-cloud-sdk\bin;C:\Users\codewave\AppData\Roaming\npm;C:\Program Files\nodejs;C:\Users\codewave\AppData\Local\Programs\Microsoft VS Code\bin;C:\Program Files\Amazon\AWSCLI
185 verbose lifecycle bcrypt@1.0.3~install: CWD: F:\AAAANODE\KHProject\New folder\knowledgehub\node_modules\bcrypt
186 silly lifecycle bcrypt@1.0.3~install: Args: [ '/d /s /c', 'node-pre-gyp install --fallback-to-build' ]
187 silly lifecycle bcrypt@1.0.3~install: Returned: code: 1  signal: null
188 info lifecycle bcrypt@1.0.3~install: Failed to exec install script
189 verbose unlock done using C:\Users\codewave\AppData\Roaming\npm-cache\_locks\staging-5a9c66a7b2194986.lock for F:\AAAANODE\KHProject\New folder\knowledgehub\node_modules\.staging
190 silly rollbackFailedOptional Starting
191 silly rollbackFailedOptional Finishing
192 silly runTopLevelLifecycles Finishing
193 silly install printInstalled
194 warn optional SKIPPING OPTIONAL DEPENDENCY: fsevents@^1.2.2 (node_modules\chokidar\node_modules\fsevents):
195 warn notsup SKIPPING OPTIONAL DEPENDENCY: Unsupported platform for fsevents@1.2.6: wanted {"os":"darwin","arch":"any"} (current: {"os":"win32","arch":"x64"})
196 verbose notsup SKIPPING OPTIONAL DEPENDENCY: Valid OS:    darwin
196 verbose notsup SKIPPING OPTIONAL DEPENDENCY: Valid Arch:  any
196 verbose notsup SKIPPING OPTIONAL DEPENDENCY: Actual OS:   win32
196 verbose notsup SKIPPING OPTIONAL DEPENDENCY: Actual Arch: x64
197 warn knowledgehub@1.0.0 No description
198 verbose If you need help, you may report this error at:
198 verbose     <https://github.com/npm/npm/issues>
199 warn knowledgehub@1.0.0 No repository field.
200 verbose If you need help, you may report this error at:
200 verbose     <https://github.com/npm/npm/issues>
201 verbose stack Error: bcrypt@1.0.3 install: `node-pre-gyp install --fallback-to-build`
201 verbose stack Exit status 1
201 verbose stack     at EventEmitter.<anonymous> (C:\Users\codewave\AppData\Roaming\nvm\v6.16.0\node_modules\npm\lib\utils\lifecycle.js:255:16)
201 verbose stack     at emitTwo (events.js:106:13)
201 verbose stack     at EventEmitter.emit (events.js:191:7)
201 verbose stack     at ChildProcess.<anonymous> (C:\Users\codewave\AppData\Roaming\nvm\v6.16.0\node_modules\npm\lib\utils\spawn.js:40:14)
201 verbose stack     at emitTwo (events.js:106:13)
201 verbose stack     at ChildProcess.emit (events.js:191:7)
201 verbose stack     at maybeClose (internal/child_process.js:920:16)
201 verbose stack     at Process.ChildProcess._handle.onexit (internal/child_process.js:230:5)
202 verbose pkgid bcrypt@1.0.3
203 verbose cwd F:\AAAANODE\KHProject\New folder\knowledgehub
204 error Windows_NT 6.1.7601
205 error argv "C:\\Program Files\\nodejs\\node.exe" "C:\\Program Files\\nodejs\\node_modules\\npm\\bin\\npm-cli.js" "install" "bcrypt"
206 error node v6.16.0
207 error npm  v3.10.10
208 error code ELIFECYCLE
209 error bcrypt@1.0.3 install: `node-pre-gyp install --fallback-to-build`
209 error Exit status 1
210 error Failed at the bcrypt@1.0.3 install script 'node-pre-gyp install --fallback-to-build'.
210 error Make sure you have the latest version of node.js and npm installed.
210 error If you do, this is most likely a problem with the bcrypt package,
210 error not with npm itself.
210 error Tell the author that this fails on your system:
210 error     node-pre-gyp install --fallback-to-build
210 error You can get information on how to open an issue for this project with:
210 error     npm bugs bcrypt
210 error Or if that isn't available, you can get their info via:
210 error     npm owner ls bcrypt
210 error There is likely additional logging output above.
211 verbose exit [ 1, true ]
